2025-05-17 08:36:01,110 - INFO - Saved label encoder to label_encoder.gz
2025-05-17 08:36:01,311 - INFO - SMOTE applied successfully
2025-05-17 08:36:15,605 - INFO - Using device: cpu
2025-05-17 08:36:15,613 - INFO - Starting fold 1
2025-05-17 08:36:15,644 - INFO - Saved scaler for fold 1
2025-05-17 08:36:15,910 - INFO - Fold 1, Epoch 1, Train Loss: 1.7281, Val Loss: 1.6365, Accuracy: 0.5058, F1: 0.4423
2025-05-17 08:36:15,929 - INFO - Fold 1, Epoch 1: Saved best model
2025-05-17 08:36:15,984 - INFO - Fold 1, Epoch 2, Train Loss: 1.5641, Val Loss: 1.4531, Accuracy: 0.6098, F1: 0.5996
2025-05-17 08:36:15,985 - INFO - Fold 1, Epoch 2: Saved best model
2025-05-17 08:36:16,032 - INFO - Fold 1, Epoch 3, Train Loss: 1.3668, Val Loss: 1.2298, Accuracy: 0.6416, F1: 0.6323
2025-05-17 08:36:16,033 - INFO - Fold 1, Epoch 3: Saved best model
2025-05-17 08:36:16,088 - INFO - Fold 1, Epoch 4, Train Loss: 1.1527, Val Loss: 1.0221, Accuracy: 0.6590, F1: 0.6523
2025-05-17 08:36:16,091 - INFO - Fold 1, Epoch 4: Saved best model
2025-05-17 08:36:16,143 - INFO - Fold 1, Epoch 5, Train Loss: 0.9771, Val Loss: 0.8690, Accuracy: 0.6908, F1: 0.6901
2025-05-17 08:36:16,146 - INFO - Fold 1, Epoch 5: Saved best model
2025-05-17 08:36:16,208 - INFO - Fold 1, Epoch 6, Train Loss: 0.8529, Val Loss: 0.7545, Accuracy: 0.7197, F1: 0.7209
2025-05-17 08:36:16,210 - INFO - Fold 1, Epoch 6: Saved best model
2025-05-17 08:36:16,269 - INFO - Fold 1, Epoch 7, Train Loss: 0.7523, Val Loss: 0.6745, Accuracy: 0.7399, F1: 0.7430
2025-05-17 08:36:16,271 - INFO - Fold 1, Epoch 7: Saved best model
2025-05-17 08:36:16,320 - INFO - Fold 1, Epoch 8, Train Loss: 0.6994, Val Loss: 0.6099, Accuracy: 0.7861, F1: 0.7904
2025-05-17 08:36:16,322 - INFO - Fold 1, Epoch 8: Saved best model
2025-05-17 08:36:16,376 - INFO - Fold 1, Epoch 9, Train Loss: 0.6060, Val Loss: 0.5569, Accuracy: 0.8237, F1: 0.8273
2025-05-17 08:36:16,378 - INFO - Fold 1, Epoch 9: Saved best model
2025-05-17 08:36:16,436 - INFO - Fold 1, Epoch 10, Train Loss: 0.5789, Val Loss: 0.5128, Accuracy: 0.8439, F1: 0.8467
2025-05-17 08:36:16,439 - INFO - Fold 1, Epoch 10: Saved best model
2025-05-17 08:36:16,492 - INFO - Fold 1, Epoch 11, Train Loss: 0.5418, Val Loss: 0.4807, Accuracy: 0.8439, F1: 0.8464
2025-05-17 08:36:16,495 - INFO - Fold 1, Epoch 11: Saved best model
2025-05-17 08:36:16,559 - INFO - Fold 1, Epoch 12, Train Loss: 0.5159, Val Loss: 0.4490, Accuracy: 0.8584, F1: 0.8595
2025-05-17 08:36:16,562 - INFO - Fold 1, Epoch 12: Saved best model
2025-05-17 08:36:16,631 - INFO - Fold 1, Epoch 13, Train Loss: 0.4834, Val Loss: 0.4192, Accuracy: 0.8642, F1: 0.8646
2025-05-17 08:36:16,634 - INFO - Fold 1, Epoch 13: Saved best model
2025-05-17 08:36:16,689 - INFO - Fold 1, Epoch 14, Train Loss: 0.4424, Val Loss: 0.3950, Accuracy: 0.8757, F1: 0.8750
2025-05-17 08:36:16,691 - INFO - Fold 1, Epoch 14: Saved best model
2025-05-17 08:36:16,744 - INFO - Fold 1, Epoch 15, Train Loss: 0.4265, Val Loss: 0.3723, Accuracy: 0.8699, F1: 0.8700
2025-05-17 08:36:16,747 - INFO - Fold 1, Epoch 15: Saved best model
2025-05-17 08:36:16,804 - INFO - Fold 1, Epoch 16, Train Loss: 0.4122, Val Loss: 0.3516, Accuracy: 0.8902, F1: 0.8884
2025-05-17 08:36:16,806 - INFO - Fold 1, Epoch 16: Saved best model
2025-05-17 08:36:16,865 - INFO - Fold 1, Epoch 17, Train Loss: 0.4162, Val Loss: 0.3408, Accuracy: 0.8786, F1: 0.8778
2025-05-17 08:36:16,869 - INFO - Fold 1, Epoch 17: Saved best model
2025-05-17 08:36:16,934 - INFO - Fold 1, Epoch 18, Train Loss: 0.3725, Val Loss: 0.3249, Accuracy: 0.8960, F1: 0.8945
2025-05-17 08:36:16,936 - INFO - Fold 1, Epoch 18: Saved best model
2025-05-17 08:36:16,987 - INFO - Fold 1, Epoch 19, Train Loss: 0.3664, Val Loss: 0.3109, Accuracy: 0.8960, F1: 0.8945
2025-05-17 08:36:16,990 - INFO - Fold 1, Epoch 19: Saved best model
2025-05-17 08:36:17,045 - INFO - Fold 1, Epoch 20, Train Loss: 0.3624, Val Loss: 0.3018, Accuracy: 0.8988, F1: 0.8975
2025-05-17 08:36:17,047 - INFO - Fold 1, Epoch 20: Saved best model
2025-05-17 08:36:17,108 - INFO - Fold 1, Epoch 21, Train Loss: 0.3493, Val Loss: 0.2922, Accuracy: 0.8931, F1: 0.8914
2025-05-17 08:36:17,110 - INFO - Fold 1, Epoch 21: Saved best model
2025-05-17 08:36:17,182 - INFO - Fold 1, Epoch 22, Train Loss: 0.3402, Val Loss: 0.2833, Accuracy: 0.8988, F1: 0.8971
2025-05-17 08:36:17,184 - INFO - Fold 1, Epoch 22: Saved best model
2025-05-17 08:36:17,238 - INFO - Fold 1, Epoch 23, Train Loss: 0.3347, Val Loss: 0.2739, Accuracy: 0.9075, F1: 0.9049
2025-05-17 08:36:17,241 - INFO - Fold 1, Epoch 23: Saved best model
2025-05-17 08:36:17,300 - INFO - Fold 1, Epoch 24, Train Loss: 0.3188, Val Loss: 0.2661, Accuracy: 0.9191, F1: 0.9164
2025-05-17 08:36:17,302 - INFO - Fold 1, Epoch 24: Saved best model
2025-05-17 08:36:17,357 - INFO - Fold 1, Epoch 25, Train Loss: 0.3041, Val Loss: 0.2583, Accuracy: 0.9162, F1: 0.9130
2025-05-17 08:36:17,359 - INFO - Fold 1, Epoch 25: Saved best model
2025-05-17 08:36:17,424 - INFO - Fold 1, Epoch 26, Train Loss: 0.3022, Val Loss: 0.2505, Accuracy: 0.9220, F1: 0.9190
2025-05-17 08:36:17,427 - INFO - Fold 1, Epoch 26: Saved best model
2025-05-17 08:36:17,711 - INFO - Fold 1, Epoch 27, Train Loss: 0.2867, Val Loss: 0.2451, Accuracy: 0.9191, F1: 0.9160
2025-05-17 08:36:17,715 - INFO - Fold 1, Epoch 27: Saved best model
2025-05-17 08:36:17,816 - INFO - Fold 1, Epoch 28, Train Loss: 0.2816, Val Loss: 0.2398, Accuracy: 0.9220, F1: 0.9190
2025-05-17 08:36:17,818 - INFO - Fold 1, Epoch 28: Saved best model
2025-05-17 08:36:17,917 - INFO - Fold 1, Epoch 29, Train Loss: 0.2866, Val Loss: 0.2331, Accuracy: 0.9220, F1: 0.9190
2025-05-17 08:36:17,920 - INFO - Fold 1, Epoch 29: Saved best model
2025-05-17 08:36:18,023 - INFO - Fold 1, Epoch 30, Train Loss: 0.2725, Val Loss: 0.2297, Accuracy: 0.9220, F1: 0.9190
2025-05-17 08:36:18,026 - INFO - Fold 1, Epoch 30: Saved best model
2025-05-17 08:36:18,108 - INFO - Fold 1, Epoch 31, Train Loss: 0.2735, Val Loss: 0.2254, Accuracy: 0.9220, F1: 0.9190
2025-05-17 08:36:18,110 - INFO - Fold 1, Epoch 31: Saved best model
2025-05-17 08:36:18,210 - INFO - Fold 1, Epoch 32, Train Loss: 0.2604, Val Loss: 0.2243, Accuracy: 0.9220, F1: 0.9190
2025-05-17 08:36:18,214 - INFO - Fold 1, Epoch 32: Saved best model
2025-05-17 08:36:18,268 - INFO - Fold 1, Epoch 33, Train Loss: 0.2664, Val Loss: 0.2182, Accuracy: 0.9220, F1: 0.9190
2025-05-17 08:36:18,270 - INFO - Fold 1, Epoch 33: Saved best model
2025-05-17 08:36:18,322 - INFO - Fold 1, Epoch 34, Train Loss: 0.2608, Val Loss: 0.2164, Accuracy: 0.9249, F1: 0.9223
2025-05-17 08:36:18,324 - INFO - Fold 1, Epoch 34: Saved best model
2025-05-17 08:36:18,385 - INFO - Fold 1, Epoch 35, Train Loss: 0.2413, Val Loss: 0.2145, Accuracy: 0.9220, F1: 0.9190
2025-05-17 08:36:18,388 - INFO - Fold 1, Epoch 35: Saved best model
2025-05-17 08:36:18,449 - INFO - Fold 1, Epoch 36, Train Loss: 0.2509, Val Loss: 0.2069, Accuracy: 0.9249, F1: 0.9223
2025-05-17 08:36:18,451 - INFO - Fold 1, Epoch 36: Saved best model
2025-05-17 08:36:18,623 - INFO - Fold 1, Epoch 37, Train Loss: 0.2386, Val Loss: 0.2048, Accuracy: 0.9249, F1: 0.9223
2025-05-17 08:36:18,627 - INFO - Fold 1, Epoch 37: Saved best model
2025-05-17 08:36:18,799 - INFO - Fold 1, Epoch 38, Train Loss: 0.2500, Val Loss: 0.2026, Accuracy: 0.9249, F1: 0.9225
2025-05-17 08:36:18,802 - INFO - Fold 1, Epoch 38: Saved best model
2025-05-17 08:36:18,948 - INFO - Fold 1, Epoch 39, Train Loss: 0.2416, Val Loss: 0.2021, Accuracy: 0.9220, F1: 0.9189
2025-05-17 08:36:18,952 - INFO - Fold 1, Epoch 39: Saved best model
2025-05-17 08:36:19,044 - INFO - Fold 1, Epoch 40, Train Loss: 0.2212, Val Loss: 0.1970, Accuracy: 0.9277, F1: 0.9254
2025-05-17 08:36:19,048 - INFO - Fold 1, Epoch 40: Saved best model
2025-05-17 08:36:19,145 - INFO - Fold 1, Epoch 41, Train Loss: 0.2280, Val Loss: 0.1946, Accuracy: 0.9277, F1: 0.9256
2025-05-17 08:36:19,150 - INFO - Fold 1, Epoch 41: Saved best model
2025-05-17 08:36:19,231 - INFO - Fold 1, Epoch 42, Train Loss: 0.2321, Val Loss: 0.1933, Accuracy: 0.9306, F1: 0.9286
2025-05-17 08:36:19,234 - INFO - Fold 1, Epoch 42: Saved best model
2025-05-17 08:36:19,300 - INFO - Fold 1, Epoch 43, Train Loss: 0.2217, Val Loss: 0.1930, Accuracy: 0.9306, F1: 0.9286
2025-05-17 08:36:19,302 - INFO - Fold 1, Epoch 43: Saved best model
2025-05-17 08:36:19,358 - INFO - Fold 1, Epoch 44, Train Loss: 0.2215, Val Loss: 0.1885, Accuracy: 0.9306, F1: 0.9286
2025-05-17 08:36:19,360 - INFO - Fold 1, Epoch 44: Saved best model
2025-05-17 08:36:19,421 - INFO - Fold 1, Epoch 45, Train Loss: 0.2153, Val Loss: 0.1877, Accuracy: 0.9306, F1: 0.9286
2025-05-17 08:36:19,424 - INFO - Fold 1, Epoch 45: Saved best model
2025-05-17 08:36:19,483 - INFO - Fold 1, Epoch 46, Train Loss: 0.2213, Val Loss: 0.1846, Accuracy: 0.9306, F1: 0.9286
2025-05-17 08:36:19,486 - INFO - Fold 1, Epoch 46: Saved best model
2025-05-17 08:36:19,554 - INFO - Fold 1, Epoch 47, Train Loss: 0.2107, Val Loss: 0.1842, Accuracy: 0.9335, F1: 0.9318
2025-05-17 08:36:19,556 - INFO - Fold 1, Epoch 47: Saved best model
2025-05-17 08:36:19,611 - INFO - Fold 1, Epoch 48, Train Loss: 0.2176, Val Loss: 0.1813, Accuracy: 0.9364, F1: 0.9348
2025-05-17 08:36:19,614 - INFO - Fold 1, Epoch 48: Saved best model
2025-05-17 08:36:19,674 - INFO - Fold 1, Epoch 49, Train Loss: 0.1802, Val Loss: 0.1800, Accuracy: 0.9335, F1: 0.9316
2025-05-17 08:36:19,676 - INFO - Fold 1, Epoch 49: Saved best model
2025-05-17 08:36:19,736 - INFO - Fold 1, Epoch 50, Train Loss: 0.1954, Val Loss: 0.1784, Accuracy: 0.9306, F1: 0.9284
2025-05-17 08:36:19,739 - INFO - Fold 1, Epoch 50: Saved best model
2025-05-17 08:36:19,807 - INFO - Fold 1, Epoch 51, Train Loss: 0.1950, Val Loss: 0.1762, Accuracy: 0.9364, F1: 0.9348
2025-05-17 08:36:19,810 - INFO - Fold 1, Epoch 51: Saved best model
2025-05-17 08:36:19,882 - INFO - Fold 1, Epoch 52, Train Loss: 0.1961, Val Loss: 0.1766, Accuracy: 0.9335, F1: 0.9317
2025-05-17 08:36:19,950 - INFO - Fold 1, Epoch 53, Train Loss: 0.1900, Val Loss: 0.1761, Accuracy: 0.9306, F1: 0.9284
2025-05-17 08:36:19,952 - INFO - Fold 1, Epoch 53: Saved best model
2025-05-17 08:36:20,023 - INFO - Fold 1, Epoch 54, Train Loss: 0.1983, Val Loss: 0.1741, Accuracy: 0.9335, F1: 0.9314
2025-05-17 08:36:20,026 - INFO - Fold 1, Epoch 54: Saved best model
2025-05-17 08:36:20,106 - INFO - Fold 1, Epoch 55, Train Loss: 0.1878, Val Loss: 0.1746, Accuracy: 0.9335, F1: 0.9314
2025-05-17 08:36:20,178 - INFO - Fold 1, Epoch 56, Train Loss: 0.1992, Val Loss: 0.1729, Accuracy: 0.9306, F1: 0.9286
2025-05-17 08:36:20,180 - INFO - Fold 1, Epoch 56: Saved best model
2025-05-17 08:36:20,251 - INFO - Fold 1, Epoch 57, Train Loss: 0.1939, Val Loss: 0.1721, Accuracy: 0.9335, F1: 0.9316
2025-05-17 08:36:20,253 - INFO - Fold 1, Epoch 57: Saved best model
2025-05-17 08:36:20,318 - INFO - Fold 1, Epoch 58, Train Loss: 0.1960, Val Loss: 0.1681, Accuracy: 0.9364, F1: 0.9350
2025-05-17 08:36:20,321 - INFO - Fold 1, Epoch 58: Saved best model
2025-05-17 08:36:20,386 - INFO - Fold 1, Epoch 59, Train Loss: 0.1871, Val Loss: 0.1683, Accuracy: 0.9306, F1: 0.9286
2025-05-17 08:36:20,450 - INFO - Fold 1, Epoch 60, Train Loss: 0.1782, Val Loss: 0.1683, Accuracy: 0.9306, F1: 0.9286
2025-05-17 08:36:20,527 - INFO - Fold 1, Epoch 61, Train Loss: 0.1809, Val Loss: 0.1655, Accuracy: 0.9306, F1: 0.9286
2025-05-17 08:36:20,531 - INFO - Fold 1, Epoch 61: Saved best model
2025-05-17 08:36:20,615 - INFO - Fold 1, Epoch 62, Train Loss: 0.1830, Val Loss: 0.1655, Accuracy: 0.9335, F1: 0.9316
2025-05-17 08:36:20,701 - INFO - Fold 1, Epoch 63, Train Loss: 0.1860, Val Loss: 0.1645, Accuracy: 0.9364, F1: 0.9350
2025-05-17 08:36:20,705 - INFO - Fold 1, Epoch 63: Saved best model
2025-05-17 08:36:20,792 - INFO - Fold 1, Epoch 64, Train Loss: 0.1832, Val Loss: 0.1617, Accuracy: 0.9364, F1: 0.9350
2025-05-17 08:36:20,796 - INFO - Fold 1, Epoch 64: Saved best model
2025-05-17 08:36:20,877 - INFO - Fold 1, Epoch 65, Train Loss: 0.1776, Val Loss: 0.1601, Accuracy: 0.9393, F1: 0.9380
2025-05-17 08:36:20,881 - INFO - Fold 1, Epoch 65: Saved best model
2025-05-17 08:36:20,958 - INFO - Fold 1, Epoch 66, Train Loss: 0.1703, Val Loss: 0.1644, Accuracy: 0.9364, F1: 0.9348
2025-05-17 08:36:21,199 - INFO - Fold 1, Epoch 67, Train Loss: 0.1742, Val Loss: 0.1577, Accuracy: 0.9393, F1: 0.9378
2025-05-17 08:36:21,202 - INFO - Fold 1, Epoch 67: Saved best model
2025-05-17 08:36:21,291 - INFO - Fold 1, Epoch 68, Train Loss: 0.1827, Val Loss: 0.1568, Accuracy: 0.9364, F1: 0.9348
2025-05-17 08:36:21,294 - INFO - Fold 1, Epoch 68: Saved best model
2025-05-17 08:36:21,382 - INFO - Fold 1, Epoch 69, Train Loss: 0.1668, Val Loss: 0.1606, Accuracy: 0.9393, F1: 0.9377
2025-05-17 08:36:21,467 - INFO - Fold 1, Epoch 70, Train Loss: 0.1682, Val Loss: 0.1593, Accuracy: 0.9364, F1: 0.9346
2025-05-17 08:36:21,550 - INFO - Fold 1, Epoch 71, Train Loss: 0.1639, Val Loss: 0.1542, Accuracy: 0.9364, F1: 0.9348
2025-05-17 08:36:21,553 - INFO - Fold 1, Epoch 71: Saved best model
2025-05-17 08:36:21,630 - INFO - Fold 1, Epoch 72, Train Loss: 0.1628, Val Loss: 0.1530, Accuracy: 0.9364, F1: 0.9348
2025-05-17 08:36:21,632 - INFO - Fold 1, Epoch 72: Saved best model
2025-05-17 08:36:21,714 - INFO - Fold 1, Epoch 73, Train Loss: 0.1622, Val Loss: 0.1531, Accuracy: 0.9364, F1: 0.9348
2025-05-17 08:36:21,803 - INFO - Fold 1, Epoch 74, Train Loss: 0.1618, Val Loss: 0.1529, Accuracy: 0.9393, F1: 0.9378
2025-05-17 08:36:21,807 - INFO - Fold 1, Epoch 74: Saved best model
2025-05-17 08:36:21,873 - INFO - Fold 1, Epoch 75, Train Loss: 0.1639, Val Loss: 0.1509, Accuracy: 0.9422, F1: 0.9410
2025-05-17 08:36:21,875 - INFO - Fold 1, Epoch 75: Saved best model
2025-05-17 08:36:21,934 - INFO - Fold 1, Epoch 76, Train Loss: 0.1571, Val Loss: 0.1566, Accuracy: 0.9306, F1: 0.9286
2025-05-17 08:36:22,009 - INFO - Fold 1, Epoch 77, Train Loss: 0.1634, Val Loss: 0.1564, Accuracy: 0.9335, F1: 0.9320
2025-05-17 08:36:22,090 - INFO - Fold 1, Epoch 78, Train Loss: 0.1540, Val Loss: 0.1496, Accuracy: 0.9393, F1: 0.9380
2025-05-17 08:36:22,094 - INFO - Fold 1, Epoch 78: Saved best model
2025-05-17 08:36:22,184 - INFO - Fold 1, Epoch 79, Train Loss: 0.1587, Val Loss: 0.1479, Accuracy: 0.9364, F1: 0.9350
2025-05-17 08:36:22,187 - INFO - Fold 1, Epoch 79: Saved best model
2025-05-17 08:36:22,265 - INFO - Fold 1, Epoch 80, Train Loss: 0.1618, Val Loss: 0.1476, Accuracy: 0.9393, F1: 0.9378
2025-05-17 08:36:22,267 - INFO - Fold 1, Epoch 80: Saved best model
2025-05-17 08:36:22,345 - INFO - Fold 1, Epoch 81, Train Loss: 0.1435, Val Loss: 0.1478, Accuracy: 0.9393, F1: 0.9378
2025-05-17 08:36:22,429 - INFO - Fold 1, Epoch 82, Train Loss: 0.1541, Val Loss: 0.1493, Accuracy: 0.9422, F1: 0.9410
2025-05-17 08:36:22,507 - INFO - Fold 1, Epoch 83, Train Loss: 0.1596, Val Loss: 0.1507, Accuracy: 0.9364, F1: 0.9350
2025-05-17 08:36:22,578 - INFO - Fold 1, Epoch 84, Train Loss: 0.1462, Val Loss: 0.1483, Accuracy: 0.9422, F1: 0.9410
2025-05-17 08:36:22,651 - INFO - Fold 1, Epoch 85, Train Loss: 0.1448, Val Loss: 0.1465, Accuracy: 0.9422, F1: 0.9410
2025-05-17 08:36:22,654 - INFO - Fold 1, Epoch 85: Saved best model
2025-05-17 08:36:22,721 - INFO - Fold 1, Epoch 86, Train Loss: 0.1563, Val Loss: 0.1462, Accuracy: 0.9364, F1: 0.9348
2025-05-17 08:36:22,723 - INFO - Fold 1, Epoch 86: Saved best model
2025-05-17 08:36:22,794 - INFO - Fold 1, Epoch 87, Train Loss: 0.1468, Val Loss: 0.1446, Accuracy: 0.9393, F1: 0.9380
2025-05-17 08:36:22,797 - INFO - Fold 1, Epoch 87: Saved best model
2025-05-17 08:36:22,869 - INFO - Fold 1, Epoch 88, Train Loss: 0.1533, Val Loss: 0.1432, Accuracy: 0.9393, F1: 0.9378
2025-05-17 08:36:22,872 - INFO - Fold 1, Epoch 88: Saved best model
2025-05-17 08:36:22,957 - INFO - Fold 1, Epoch 89, Train Loss: 0.1481, Val Loss: 0.1471, Accuracy: 0.9335, F1: 0.9317
2025-05-17 08:36:23,040 - INFO - Fold 1, Epoch 90, Train Loss: 0.1449, Val Loss: 0.1427, Accuracy: 0.9393, F1: 0.9378
2025-05-17 08:36:23,043 - INFO - Fold 1, Epoch 90: Saved best model
2025-05-17 08:36:23,142 - INFO - Fold 1, Epoch 91, Train Loss: 0.1450, Val Loss: 0.1438, Accuracy: 0.9364, F1: 0.9348
2025-05-17 08:36:23,223 - INFO - Fold 1, Epoch 92, Train Loss: 0.1361, Val Loss: 0.1447, Accuracy: 0.9335, F1: 0.9320
2025-05-17 08:36:23,304 - INFO - Fold 1, Epoch 93, Train Loss: 0.1473, Val Loss: 0.1419, Accuracy: 0.9364, F1: 0.9348
2025-05-17 08:36:23,306 - INFO - Fold 1, Epoch 93: Saved best model
2025-05-17 08:36:23,412 - INFO - Fold 1, Epoch 94, Train Loss: 0.1367, Val Loss: 0.1387, Accuracy: 0.9422, F1: 0.9412
2025-05-17 08:36:23,414 - INFO - Fold 1, Epoch 94: Saved best model
2025-05-17 08:36:23,497 - INFO - Fold 1, Epoch 95, Train Loss: 0.1425, Val Loss: 0.1396, Accuracy: 0.9422, F1: 0.9412
2025-05-17 08:36:23,588 - INFO - Fold 1, Epoch 96, Train Loss: 0.1419, Val Loss: 0.1374, Accuracy: 0.9422, F1: 0.9412
2025-05-17 08:36:23,590 - INFO - Fold 1, Epoch 96: Saved best model
2025-05-17 08:36:23,663 - INFO - Fold 1, Epoch 97, Train Loss: 0.1460, Val Loss: 0.1406, Accuracy: 0.9422, F1: 0.9410
2025-05-17 08:36:23,734 - INFO - Fold 1, Epoch 98, Train Loss: 0.1492, Val Loss: 0.1348, Accuracy: 0.9422, F1: 0.9412
2025-05-17 08:36:23,737 - INFO - Fold 1, Epoch 98: Saved best model
2025-05-17 08:36:23,808 - INFO - Fold 1, Epoch 99, Train Loss: 0.1394, Val Loss: 0.1385, Accuracy: 0.9480, F1: 0.9469
2025-05-17 08:36:23,872 - INFO - Fold 1, Epoch 100, Train Loss: 0.1351, Val Loss: 0.1380, Accuracy: 0.9480, F1: 0.9470
2025-05-17 08:36:23,873 - INFO - Starting fold 2
2025-05-17 08:36:23,889 - INFO - Saved scaler for fold 2
2025-05-17 08:36:23,966 - INFO - Fold 2, Epoch 1, Train Loss: 1.7263, Val Loss: 1.6357, Accuracy: 0.5578, F1: 0.4877
2025-05-17 08:36:23,970 - INFO - Fold 2, Epoch 1: Saved best model
2025-05-17 08:36:24,046 - INFO - Fold 2, Epoch 2, Train Loss: 1.5680, Val Loss: 1.4495, Accuracy: 0.5751, F1: 0.5321
2025-05-17 08:36:24,050 - INFO - Fold 2, Epoch 2: Saved best model
2025-05-17 08:36:24,117 - INFO - Fold 2, Epoch 3, Train Loss: 1.3682, Val Loss: 1.2361, Accuracy: 0.6272, F1: 0.6067
2025-05-17 08:36:24,119 - INFO - Fold 2, Epoch 3: Saved best model
2025-05-17 08:36:24,224 - INFO - Fold 2, Epoch 4, Train Loss: 1.1777, Val Loss: 1.0556, Accuracy: 0.6647, F1: 0.6551
2025-05-17 08:36:24,229 - INFO - Fold 2, Epoch 4: Saved best model
2025-05-17 08:36:24,309 - INFO - Fold 2, Epoch 5, Train Loss: 1.0150, Val Loss: 0.9032, Accuracy: 0.6994, F1: 0.6924
2025-05-17 08:36:24,312 - INFO - Fold 2, Epoch 5: Saved best model
2025-05-17 08:36:24,369 - INFO - Fold 2, Epoch 6, Train Loss: 0.8625, Val Loss: 0.7800, Accuracy: 0.7457, F1: 0.7423
2025-05-17 08:36:24,371 - INFO - Fold 2, Epoch 6: Saved best model
2025-05-17 08:36:24,423 - INFO - Fold 2, Epoch 7, Train Loss: 0.7613, Val Loss: 0.6844, Accuracy: 0.7919, F1: 0.7914
2025-05-17 08:36:24,427 - INFO - Fold 2, Epoch 7: Saved best model
2025-05-17 08:36:24,487 - INFO - Fold 2, Epoch 8, Train Loss: 0.6868, Val Loss: 0.6079, Accuracy: 0.8353, F1: 0.8360
2025-05-17 08:36:24,489 - INFO - Fold 2, Epoch 8: Saved best model
2025-05-17 08:36:24,546 - INFO - Fold 2, Epoch 9, Train Loss: 0.6315, Val Loss: 0.5539, Accuracy: 0.8786, F1: 0.8777
2025-05-17 08:36:24,549 - INFO - Fold 2, Epoch 9: Saved best model
2025-05-17 08:36:24,615 - INFO - Fold 2, Epoch 10, Train Loss: 0.5906, Val Loss: 0.5004, Accuracy: 0.8844, F1: 0.8842
2025-05-17 08:36:24,618 - INFO - Fold 2, Epoch 10: Saved best model
2025-05-17 08:36:24,694 - INFO - Fold 2, Epoch 11, Train Loss: 0.5535, Val Loss: 0.4648, Accuracy: 0.8873, F1: 0.8861
2025-05-17 08:36:24,697 - INFO - Fold 2, Epoch 11: Saved best model
2025-05-17 08:36:24,764 - INFO - Fold 2, Epoch 12, Train Loss: 0.5175, Val Loss: 0.4321, Accuracy: 0.9017, F1: 0.9010
2025-05-17 08:36:24,767 - INFO - Fold 2, Epoch 12: Saved best model
2025-05-17 08:36:24,827 - INFO - Fold 2, Epoch 13, Train Loss: 0.4781, Val Loss: 0.4056, Accuracy: 0.8988, F1: 0.8981
2025-05-17 08:36:24,829 - INFO - Fold 2, Epoch 13: Saved best model
2025-05-17 08:36:24,894 - INFO - Fold 2, Epoch 14, Train Loss: 0.4630, Val Loss: 0.3816, Accuracy: 0.9017, F1: 0.9013
2025-05-17 08:36:24,897 - INFO - Fold 2, Epoch 14: Saved best model
2025-05-17 08:36:24,971 - INFO - Fold 2, Epoch 15, Train Loss: 0.4406, Val Loss: 0.3602, Accuracy: 0.8988, F1: 0.8981
2025-05-17 08:36:24,974 - INFO - Fold 2, Epoch 15: Saved best model
2025-05-17 08:36:25,050 - INFO - Fold 2, Epoch 16, Train Loss: 0.4115, Val Loss: 0.3417, Accuracy: 0.9017, F1: 0.9013
2025-05-17 08:36:25,052 - INFO - Fold 2, Epoch 16: Saved best model
2025-05-17 08:36:25,118 - INFO - Fold 2, Epoch 17, Train Loss: 0.3781, Val Loss: 0.3281, Accuracy: 0.9046, F1: 0.9038
2025-05-17 08:36:25,121 - INFO - Fold 2, Epoch 17: Saved best model
2025-05-17 08:36:25,192 - INFO - Fold 2, Epoch 18, Train Loss: 0.3790, Val Loss: 0.3159, Accuracy: 0.9046, F1: 0.9038
2025-05-17 08:36:25,195 - INFO - Fold 2, Epoch 18: Saved best model
2025-05-17 08:36:25,268 - INFO - Fold 2, Epoch 19, Train Loss: 0.3623, Val Loss: 0.3025, Accuracy: 0.9104, F1: 0.9088
2025-05-17 08:36:25,270 - INFO - Fold 2, Epoch 19: Saved best model
2025-05-17 08:36:25,332 - INFO - Fold 2, Epoch 20, Train Loss: 0.3554, Val Loss: 0.2911, Accuracy: 0.9104, F1: 0.9088
2025-05-17 08:36:25,335 - INFO - Fold 2, Epoch 20: Saved best model
2025-05-17 08:36:25,388 - INFO - Fold 2, Epoch 21, Train Loss: 0.3560, Val Loss: 0.2804, Accuracy: 0.9133, F1: 0.9121
2025-05-17 08:36:25,390 - INFO - Fold 2, Epoch 21: Saved best model
2025-05-17 08:36:25,442 - INFO - Fold 2, Epoch 22, Train Loss: 0.3293, Val Loss: 0.2731, Accuracy: 0.9162, F1: 0.9149
2025-05-17 08:36:25,445 - INFO - Fold 2, Epoch 22: Saved best model
2025-05-17 08:36:25,582 - INFO - Fold 2, Epoch 23, Train Loss: 0.3183, Val Loss: 0.2648, Accuracy: 0.9133, F1: 0.9120
2025-05-17 08:36:25,586 - INFO - Fold 2, Epoch 23: Saved best model
2025-05-17 08:36:25,769 - INFO - Fold 2, Epoch 24, Train Loss: 0.3043, Val Loss: 0.2584, Accuracy: 0.9162, F1: 0.9145
2025-05-17 08:36:25,797 - INFO - Fold 2, Epoch 24: Saved best model
2025-05-17 08:36:25,902 - INFO - Fold 2, Epoch 25, Train Loss: 0.2974, Val Loss: 0.2542, Accuracy: 0.9162, F1: 0.9145
2025-05-17 08:36:25,906 - INFO - Fold 2, Epoch 25: Saved best model
2025-05-17 08:36:26,001 - INFO - Fold 2, Epoch 26, Train Loss: 0.3048, Val Loss: 0.2471, Accuracy: 0.9191, F1: 0.9175
2025-05-17 08:36:26,004 - INFO - Fold 2, Epoch 26: Saved best model
2025-05-17 08:36:26,081 - INFO - Fold 2, Epoch 27, Train Loss: 0.2894, Val Loss: 0.2447, Accuracy: 0.9191, F1: 0.9175
2025-05-17 08:36:26,084 - INFO - Fold 2, Epoch 27: Saved best model
2025-05-17 08:36:26,158 - INFO - Fold 2, Epoch 28, Train Loss: 0.2675, Val Loss: 0.2388, Accuracy: 0.9220, F1: 0.9206
2025-05-17 08:36:26,161 - INFO - Fold 2, Epoch 28: Saved best model
2025-05-17 08:36:26,249 - INFO - Fold 2, Epoch 29, Train Loss: 0.2763, Val Loss: 0.2356, Accuracy: 0.9162, F1: 0.9145
2025-05-17 08:36:26,250 - INFO - Fold 2, Epoch 29: Saved best model
2025-05-17 08:36:26,305 - INFO - Fold 2, Epoch 30, Train Loss: 0.2892, Val Loss: 0.2315, Accuracy: 0.9162, F1: 0.9145
2025-05-17 08:36:26,308 - INFO - Fold 2, Epoch 30: Saved best model
2025-05-17 08:36:26,360 - INFO - Fold 2, Epoch 31, Train Loss: 0.2830, Val Loss: 0.2280, Accuracy: 0.9191, F1: 0.9175
2025-05-17 08:36:26,362 - INFO - Fold 2, Epoch 31: Saved best model
2025-05-17 08:36:26,418 - INFO - Fold 2, Epoch 32, Train Loss: 0.2670, Val Loss: 0.2234, Accuracy: 0.9191, F1: 0.9175
2025-05-17 08:36:26,420 - INFO - Fold 2, Epoch 32: Saved best model
2025-05-17 08:36:26,491 - INFO - Fold 2, Epoch 33, Train Loss: 0.2560, Val Loss: 0.2232, Accuracy: 0.9220, F1: 0.9205
2025-05-17 08:36:26,494 - INFO - Fold 2, Epoch 33: Saved best model
2025-05-17 08:36:26,676 - INFO - Fold 2, Epoch 34, Train Loss: 0.2467, Val Loss: 0.2168, Accuracy: 0.9191, F1: 0.9174
2025-05-17 08:36:26,679 - INFO - Fold 2, Epoch 34: Saved best model
2025-05-17 08:36:26,866 - INFO - Fold 2, Epoch 35, Train Loss: 0.2518, Val Loss: 0.2113, Accuracy: 0.9249, F1: 0.9236
2025-05-17 08:36:26,869 - INFO - Fold 2, Epoch 35: Saved best model
2025-05-17 08:36:26,986 - INFO - Fold 2, Epoch 36, Train Loss: 0.2493, Val Loss: 0.2123, Accuracy: 0.9191, F1: 0.9175
2025-05-17 08:36:27,075 - INFO - Fold 2, Epoch 37, Train Loss: 0.2272, Val Loss: 0.2092, Accuracy: 0.9277, F1: 0.9266
2025-05-17 08:36:27,079 - INFO - Fold 2, Epoch 37: Saved best model
2025-05-17 08:36:27,175 - INFO - Fold 2, Epoch 38, Train Loss: 0.2222, Val Loss: 0.2072, Accuracy: 0.9191, F1: 0.9175
2025-05-17 08:36:27,179 - INFO - Fold 2, Epoch 38: Saved best model
2025-05-17 08:36:27,267 - INFO - Fold 2, Epoch 39, Train Loss: 0.2325, Val Loss: 0.2053, Accuracy: 0.9220, F1: 0.9205
2025-05-17 08:36:27,270 - INFO - Fold 2, Epoch 39: Saved best model
2025-05-17 08:36:27,355 - INFO - Fold 2, Epoch 40, Train Loss: 0.2247, Val Loss: 0.2042, Accuracy: 0.9220, F1: 0.9205
2025-05-17 08:36:27,358 - INFO - Fold 2, Epoch 40: Saved best model
2025-05-17 08:36:27,423 - INFO - Fold 2, Epoch 41, Train Loss: 0.2109, Val Loss: 0.2020, Accuracy: 0.9220, F1: 0.9205
2025-05-17 08:36:27,425 - INFO - Fold 2, Epoch 41: Saved best model
2025-05-17 08:36:27,507 - INFO - Fold 2, Epoch 42, Train Loss: 0.2182, Val Loss: 0.1998, Accuracy: 0.9277, F1: 0.9265
2025-05-17 08:36:27,510 - INFO - Fold 2, Epoch 42: Saved best model
2025-05-17 08:36:27,591 - INFO - Fold 2, Epoch 43, Train Loss: 0.2133, Val Loss: 0.1974, Accuracy: 0.9249, F1: 0.9236
2025-05-17 08:36:27,593 - INFO - Fold 2, Epoch 43: Saved best model
2025-05-17 08:36:27,667 - INFO - Fold 2, Epoch 44, Train Loss: 0.2130, Val Loss: 0.1969, Accuracy: 0.9249, F1: 0.9235
2025-05-17 08:36:27,669 - INFO - Fold 2, Epoch 44: Saved best model
2025-05-17 08:36:27,727 - INFO - Fold 2, Epoch 45, Train Loss: 0.2069, Val Loss: 0.1955, Accuracy: 0.9249, F1: 0.9237
2025-05-17 08:36:27,729 - INFO - Fold 2, Epoch 45: Saved best model
2025-05-17 08:36:27,789 - INFO - Fold 2, Epoch 46, Train Loss: 0.1947, Val Loss: 0.1960, Accuracy: 0.9249, F1: 0.9235
2025-05-17 08:36:27,842 - INFO - Fold 2, Epoch 47, Train Loss: 0.1997, Val Loss: 0.1924, Accuracy: 0.9335, F1: 0.9327
2025-05-17 08:36:27,845 - INFO - Fold 2, Epoch 47: Saved best model
2025-05-17 08:36:27,897 - INFO - Fold 2, Epoch 48, Train Loss: 0.2007, Val Loss: 0.1908, Accuracy: 0.9306, F1: 0.9297
2025-05-17 08:36:27,900 - INFO - Fold 2, Epoch 48: Saved best model
2025-05-17 08:36:27,966 - INFO - Fold 2, Epoch 49, Train Loss: 0.1946, Val Loss: 0.1878, Accuracy: 0.9306, F1: 0.9297
2025-05-17 08:36:27,969 - INFO - Fold 2, Epoch 49: Saved best model
2025-05-17 08:36:28,036 - INFO - Fold 2, Epoch 50, Train Loss: 0.1880, Val Loss: 0.1870, Accuracy: 0.9306, F1: 0.9297
2025-05-17 08:36:28,038 - INFO - Fold 2, Epoch 50: Saved best model
2025-05-17 08:36:28,095 - INFO - Fold 2, Epoch 51, Train Loss: 0.1969, Val Loss: 0.1869, Accuracy: 0.9306, F1: 0.9297
2025-05-17 08:36:28,096 - INFO - Fold 2, Epoch 51: Saved best model
2025-05-17 08:36:28,148 - INFO - Fold 2, Epoch 52, Train Loss: 0.1831, Val Loss: 0.1856, Accuracy: 0.9306, F1: 0.9297
2025-05-17 08:36:28,150 - INFO - Fold 2, Epoch 52: Saved best model
2025-05-17 08:36:28,200 - INFO - Fold 2, Epoch 53, Train Loss: 0.1915, Val Loss: 0.1875, Accuracy: 0.9306, F1: 0.9297
2025-05-17 08:36:28,261 - INFO - Fold 2, Epoch 54, Train Loss: 0.1946, Val Loss: 0.1844, Accuracy: 0.9306, F1: 0.9297
2025-05-17 08:36:28,263 - INFO - Fold 2, Epoch 54: Saved best model
2025-05-17 08:36:28,319 - INFO - Fold 2, Epoch 55, Train Loss: 0.1844, Val Loss: 0.1820, Accuracy: 0.9306, F1: 0.9297
2025-05-17 08:36:28,321 - INFO - Fold 2, Epoch 55: Saved best model
2025-05-17 08:36:28,383 - INFO - Fold 2, Epoch 56, Train Loss: 0.1776, Val Loss: 0.1809, Accuracy: 0.9306, F1: 0.9297
2025-05-17 08:36:28,385 - INFO - Fold 2, Epoch 56: Saved best model
2025-05-17 08:36:28,452 - INFO - Fold 2, Epoch 57, Train Loss: 0.1743, Val Loss: 0.1806, Accuracy: 0.9306, F1: 0.9297
2025-05-17 08:36:28,455 - INFO - Fold 2, Epoch 57: Saved best model
2025-05-17 08:36:28,504 - INFO - Fold 2, Epoch 58, Train Loss: 0.1741, Val Loss: 0.1833, Accuracy: 0.9306, F1: 0.9297
2025-05-17 08:36:28,559 - INFO - Fold 2, Epoch 59, Train Loss: 0.1638, Val Loss: 0.1794, Accuracy: 0.9306, F1: 0.9297
2025-05-17 08:36:28,562 - INFO - Fold 2, Epoch 59: Saved best model
2025-05-17 08:36:28,624 - INFO - Fold 2, Epoch 60, Train Loss: 0.1691, Val Loss: 0.1792, Accuracy: 0.9306, F1: 0.9297
2025-05-17 08:36:28,626 - INFO - Fold 2, Epoch 60: Saved best model
2025-05-17 08:36:28,682 - INFO - Fold 2, Epoch 61, Train Loss: 0.1759, Val Loss: 0.1771, Accuracy: 0.9335, F1: 0.9327
2025-05-17 08:36:28,685 - INFO - Fold 2, Epoch 61: Saved best model
2025-05-17 08:36:28,750 - INFO - Fold 2, Epoch 62, Train Loss: 0.1699, Val Loss: 0.1772, Accuracy: 0.9335, F1: 0.9327
2025-05-17 08:36:28,802 - INFO - Fold 2, Epoch 63, Train Loss: 0.1753, Val Loss: 0.1739, Accuracy: 0.9393, F1: 0.9386
2025-05-17 08:36:28,805 - INFO - Fold 2, Epoch 63: Saved best model
2025-05-17 08:36:28,856 - INFO - Fold 2, Epoch 64, Train Loss: 0.1672, Val Loss: 0.1725, Accuracy: 0.9306, F1: 0.9297
2025-05-17 08:36:28,859 - INFO - Fold 2, Epoch 64: Saved best model
2025-05-17 08:36:28,926 - INFO - Fold 2, Epoch 65, Train Loss: 0.1624, Val Loss: 0.1727, Accuracy: 0.9335, F1: 0.9327
2025-05-17 08:36:28,976 - INFO - Fold 2, Epoch 66, Train Loss: 0.1727, Val Loss: 0.1723, Accuracy: 0.9393, F1: 0.9386
2025-05-17 08:36:28,978 - INFO - Fold 2, Epoch 66: Saved best model
2025-05-17 08:36:29,043 - INFO - Fold 2, Epoch 67, Train Loss: 0.1644, Val Loss: 0.1708, Accuracy: 0.9422, F1: 0.9415
2025-05-17 08:36:29,044 - INFO - Fold 2, Epoch 67: Saved best model
2025-05-17 08:36:29,104 - INFO - Fold 2, Epoch 68, Train Loss: 0.1580, Val Loss: 0.1710, Accuracy: 0.9335, F1: 0.9327
2025-05-17 08:36:29,162 - INFO - Fold 2, Epoch 69, Train Loss: 0.1649, Val Loss: 0.1694, Accuracy: 0.9335, F1: 0.9327
2025-05-17 08:36:29,164 - INFO - Fold 2, Epoch 69: Saved best model
2025-05-17 08:36:29,222 - INFO - Fold 2, Epoch 70, Train Loss: 0.1606, Val Loss: 0.1690, Accuracy: 0.9451, F1: 0.9445
2025-05-17 08:36:29,225 - INFO - Fold 2, Epoch 70: Saved best model
2025-05-17 08:36:29,283 - INFO - Fold 2, Epoch 71, Train Loss: 0.1505, Val Loss: 0.1704, Accuracy: 0.9364, F1: 0.9357
2025-05-17 08:36:29,353 - INFO - Fold 2, Epoch 72, Train Loss: 0.1598, Val Loss: 0.1698, Accuracy: 0.9364, F1: 0.9356
2025-05-17 08:36:29,424 - INFO - Fold 2, Epoch 73, Train Loss: 0.1531, Val Loss: 0.1694, Accuracy: 0.9364, F1: 0.9357
2025-05-17 08:36:29,477 - INFO - Fold 2, Epoch 74, Train Loss: 0.1605, Val Loss: 0.1679, Accuracy: 0.9364, F1: 0.9357
2025-05-17 08:36:29,480 - INFO - Fold 2, Epoch 74: Saved best model
2025-05-17 08:36:29,532 - INFO - Fold 2, Epoch 75, Train Loss: 0.1563, Val Loss: 0.1685, Accuracy: 0.9335, F1: 0.9327
2025-05-17 08:36:29,590 - INFO - Fold 2, Epoch 76, Train Loss: 0.1444, Val Loss: 0.1667, Accuracy: 0.9335, F1: 0.9327
2025-05-17 08:36:29,592 - INFO - Fold 2, Epoch 76: Saved best model
2025-05-17 08:36:29,653 - INFO - Fold 2, Epoch 77, Train Loss: 0.1488, Val Loss: 0.1636, Accuracy: 0.9364, F1: 0.9357
2025-05-17 08:36:29,655 - INFO - Fold 2, Epoch 77: Saved best model
2025-05-17 08:36:29,707 - INFO - Fold 2, Epoch 78, Train Loss: 0.1524, Val Loss: 0.1631, Accuracy: 0.9422, F1: 0.9415
2025-05-17 08:36:29,710 - INFO - Fold 2, Epoch 78: Saved best model
2025-05-17 08:36:29,769 - INFO - Fold 2, Epoch 79, Train Loss: 0.1410, Val Loss: 0.1624, Accuracy: 0.9422, F1: 0.9415
2025-05-17 08:36:29,771 - INFO - Fold 2, Epoch 79: Saved best model
2025-05-17 08:36:29,826 - INFO - Fold 2, Epoch 80, Train Loss: 0.1475, Val Loss: 0.1623, Accuracy: 0.9335, F1: 0.9327
2025-05-17 08:36:29,828 - INFO - Fold 2, Epoch 80: Saved best model
2025-05-17 08:36:29,877 - INFO - Fold 2, Epoch 81, Train Loss: 0.1498, Val Loss: 0.1630, Accuracy: 0.9335, F1: 0.9327
2025-05-17 08:36:29,929 - INFO - Fold 2, Epoch 82, Train Loss: 0.1400, Val Loss: 0.1626, Accuracy: 0.9306, F1: 0.9297
2025-05-17 08:36:29,989 - INFO - Fold 2, Epoch 83, Train Loss: 0.1407, Val Loss: 0.1627, Accuracy: 0.9393, F1: 0.9386
2025-05-17 08:36:30,044 - INFO - Fold 2, Epoch 84, Train Loss: 0.1508, Val Loss: 0.1626, Accuracy: 0.9335, F1: 0.9327
2025-05-17 08:36:30,101 - INFO - Fold 2, Epoch 85, Train Loss: 0.1401, Val Loss: 0.1617, Accuracy: 0.9335, F1: 0.9327
2025-05-17 08:36:30,104 - INFO - Fold 2, Epoch 85: Saved best model
2025-05-17 08:36:30,163 - INFO - Fold 2, Epoch 86, Train Loss: 0.1540, Val Loss: 0.1573, Accuracy: 0.9364, F1: 0.9357
2025-05-17 08:36:30,165 - INFO - Fold 2, Epoch 86: Saved best model
2025-05-17 08:36:30,225 - INFO - Fold 2, Epoch 87, Train Loss: 0.1427, Val Loss: 0.1593, Accuracy: 0.9393, F1: 0.9385
2025-05-17 08:36:30,283 - INFO - Fold 2, Epoch 88, Train Loss: 0.1491, Val Loss: 0.1590, Accuracy: 0.9364, F1: 0.9357
2025-05-17 08:36:30,342 - INFO - Fold 2, Epoch 89, Train Loss: 0.1459, Val Loss: 0.1634, Accuracy: 0.9306, F1: 0.9297
2025-05-17 08:36:30,394 - INFO - Fold 2, Epoch 90, Train Loss: 0.1407, Val Loss: 0.1606, Accuracy: 0.9335, F1: 0.9327
2025-05-17 08:36:30,453 - INFO - Fold 2, Epoch 91, Train Loss: 0.1343, Val Loss: 0.1585, Accuracy: 0.9335, F1: 0.9327
2025-05-17 08:36:30,506 - INFO - Fold 2, Epoch 92, Train Loss: 0.1368, Val Loss: 0.1581, Accuracy: 0.9393, F1: 0.9386
2025-05-17 08:36:30,556 - INFO - Fold 2, Epoch 93, Train Loss: 0.1274, Val Loss: 0.1571, Accuracy: 0.9335, F1: 0.9327
2025-05-17 08:36:30,558 - INFO - Fold 2, Epoch 93: Saved best model
2025-05-17 08:36:30,626 - INFO - Fold 2, Epoch 94, Train Loss: 0.1353, Val Loss: 0.1557, Accuracy: 0.9335, F1: 0.9327
2025-05-17 08:36:30,629 - INFO - Fold 2, Epoch 94: Saved best model
2025-05-17 08:36:30,730 - INFO - Fold 2, Epoch 95, Train Loss: 0.1249, Val Loss: 0.1573, Accuracy: 0.9306, F1: 0.9297
2025-05-17 08:36:30,947 - INFO - Fold 2, Epoch 96, Train Loss: 0.1331, Val Loss: 0.1595, Accuracy: 0.9393, F1: 0.9386
2025-05-17 08:36:31,021 - INFO - Fold 2, Epoch 97, Train Loss: 0.1289, Val Loss: 0.1622, Accuracy: 0.9335, F1: 0.9327
2025-05-17 08:36:31,107 - INFO - Fold 2, Epoch 98, Train Loss: 0.1282, Val Loss: 0.1579, Accuracy: 0.9393, F1: 0.9386
2025-05-17 08:36:31,178 - INFO - Fold 2, Epoch 99, Train Loss: 0.1203, Val Loss: 0.1547, Accuracy: 0.9335, F1: 0.9327
2025-05-17 08:36:31,181 - INFO - Fold 2, Epoch 99: Saved best model
2025-05-17 08:36:31,261 - INFO - Fold 2, Epoch 100, Train Loss: 0.1297, Val Loss: 0.1529, Accuracy: 0.9422, F1: 0.9416
2025-05-17 08:36:31,263 - INFO - Fold 2, Epoch 100: Saved best model
2025-05-17 08:36:31,263 - INFO - Starting fold 3
2025-05-17 08:36:31,278 - INFO - Saved scaler for fold 3
2025-05-17 08:36:31,359 - INFO - Fold 3, Epoch 1, Train Loss: 1.7422, Val Loss: 1.6516, Accuracy: 0.5751, F1: 0.5712
2025-05-17 08:36:31,362 - INFO - Fold 3, Epoch 1: Saved best model
2025-05-17 08:36:31,448 - INFO - Fold 3, Epoch 2, Train Loss: 1.5968, Val Loss: 1.4754, Accuracy: 0.7601, F1: 0.7575
2025-05-17 08:36:31,452 - INFO - Fold 3, Epoch 2: Saved best model
2025-05-17 08:36:31,538 - INFO - Fold 3, Epoch 3, Train Loss: 1.4027, Val Loss: 1.2596, Accuracy: 0.7543, F1: 0.7540
2025-05-17 08:36:31,541 - INFO - Fold 3, Epoch 3: Saved best model
2025-05-17 08:36:31,635 - INFO - Fold 3, Epoch 4, Train Loss: 1.2049, Val Loss: 1.0487, Accuracy: 0.7746, F1: 0.7732
2025-05-17 08:36:31,638 - INFO - Fold 3, Epoch 4: Saved best model
2025-05-17 08:36:31,731 - INFO - Fold 3, Epoch 5, Train Loss: 1.0239, Val Loss: 0.8810, Accuracy: 0.7543, F1: 0.7505
2025-05-17 08:36:31,737 - INFO - Fold 3, Epoch 5: Saved best model
2025-05-17 08:36:31,827 - INFO - Fold 3, Epoch 6, Train Loss: 0.8832, Val Loss: 0.7531, Accuracy: 0.7717, F1: 0.7735
2025-05-17 08:36:31,830 - INFO - Fold 3, Epoch 6: Saved best model
2025-05-17 08:36:31,898 - INFO - Fold 3, Epoch 7, Train Loss: 0.7967, Val Loss: 0.6652, Accuracy: 0.8006, F1: 0.8030
2025-05-17 08:36:31,900 - INFO - Fold 3, Epoch 7: Saved best model
2025-05-17 08:36:31,956 - INFO - Fold 3, Epoch 8, Train Loss: 0.7235, Val Loss: 0.5953, Accuracy: 0.8410, F1: 0.8441
2025-05-17 08:36:31,958 - INFO - Fold 3, Epoch 8: Saved best model
2025-05-17 08:36:32,022 - INFO - Fold 3, Epoch 9, Train Loss: 0.6557, Val Loss: 0.5427, Accuracy: 0.8526, F1: 0.8558
2025-05-17 08:36:32,025 - INFO - Fold 3, Epoch 9: Saved best model
2025-05-17 08:36:32,082 - INFO - Fold 3, Epoch 10, Train Loss: 0.6054, Val Loss: 0.5012, Accuracy: 0.8555, F1: 0.8582
2025-05-17 08:36:32,086 - INFO - Fold 3, Epoch 10: Saved best model
2025-05-17 08:36:32,145 - INFO - Fold 3, Epoch 11, Train Loss: 0.5527, Val Loss: 0.4701, Accuracy: 0.8613, F1: 0.8634
2025-05-17 08:36:32,147 - INFO - Fold 3, Epoch 11: Saved best model
2025-05-17 08:36:32,213 - INFO - Fold 3, Epoch 12, Train Loss: 0.5163, Val Loss: 0.4362, Accuracy: 0.8873, F1: 0.8888
2025-05-17 08:36:32,215 - INFO - Fold 3, Epoch 12: Saved best model
2025-05-17 08:36:32,273 - INFO - Fold 3, Epoch 13, Train Loss: 0.4852, Val Loss: 0.4098, Accuracy: 0.8815, F1: 0.8839
2025-05-17 08:36:32,275 - INFO - Fold 3, Epoch 13: Saved best model
2025-05-17 08:36:32,328 - INFO - Fold 3, Epoch 14, Train Loss: 0.4831, Val Loss: 0.3896, Accuracy: 0.8960, F1: 0.8976
2025-05-17 08:36:32,330 - INFO - Fold 3, Epoch 14: Saved best model
2025-05-17 08:36:32,403 - INFO - Fold 3, Epoch 15, Train Loss: 0.4647, Val Loss: 0.3683, Accuracy: 0.9017, F1: 0.9032
2025-05-17 08:36:32,405 - INFO - Fold 3, Epoch 15: Saved best model
2025-05-17 08:36:32,478 - INFO - Fold 3, Epoch 16, Train Loss: 0.4337, Val Loss: 0.3555, Accuracy: 0.8960, F1: 0.8977
2025-05-17 08:36:32,480 - INFO - Fold 3, Epoch 16: Saved best model
2025-05-17 08:36:32,529 - INFO - Fold 3, Epoch 17, Train Loss: 0.4056, Val Loss: 0.3353, Accuracy: 0.9017, F1: 0.9029
2025-05-17 08:36:32,531 - INFO - Fold 3, Epoch 17: Saved best model
2025-05-17 08:36:32,579 - INFO - Fold 3, Epoch 18, Train Loss: 0.4071, Val Loss: 0.3152, Accuracy: 0.9162, F1: 0.9176
2025-05-17 08:36:32,581 - INFO - Fold 3, Epoch 18: Saved best model
2025-05-17 08:36:32,630 - INFO - Fold 3, Epoch 19, Train Loss: 0.3959, Val Loss: 0.3074, Accuracy: 0.9075, F1: 0.9085
2025-05-17 08:36:32,632 - INFO - Fold 3, Epoch 19: Saved best model
2025-05-17 08:36:32,679 - INFO - Fold 3, Epoch 20, Train Loss: 0.3742, Val Loss: 0.2971, Accuracy: 0.9191, F1: 0.9205
2025-05-17 08:36:32,681 - INFO - Fold 3, Epoch 20: Saved best model
2025-05-17 08:36:32,911 - INFO - Fold 3, Epoch 21, Train Loss: 0.3635, Val Loss: 0.2855, Accuracy: 0.9133, F1: 0.9145
2025-05-17 08:36:32,914 - INFO - Fold 3, Epoch 21: Saved best model
2025-05-17 08:36:33,046 - INFO - Fold 3, Epoch 22, Train Loss: 0.3480, Val Loss: 0.2736, Accuracy: 0.9104, F1: 0.9117
2025-05-17 08:36:33,049 - INFO - Fold 3, Epoch 22: Saved best model
2025-05-17 08:36:33,158 - INFO - Fold 3, Epoch 23, Train Loss: 0.3421, Val Loss: 0.2648, Accuracy: 0.9104, F1: 0.9115
2025-05-17 08:36:33,161 - INFO - Fold 3, Epoch 23: Saved best model
2025-05-17 08:36:33,261 - INFO - Fold 3, Epoch 24, Train Loss: 0.3428, Val Loss: 0.2526, Accuracy: 0.9220, F1: 0.9233
2025-05-17 08:36:33,263 - INFO - Fold 3, Epoch 24: Saved best model
2025-05-17 08:36:33,345 - INFO - Fold 3, Epoch 25, Train Loss: 0.3187, Val Loss: 0.2484, Accuracy: 0.9220, F1: 0.9233
2025-05-17 08:36:33,347 - INFO - Fold 3, Epoch 25: Saved best model
2025-05-17 08:36:33,426 - INFO - Fold 3, Epoch 26, Train Loss: 0.3094, Val Loss: 0.2404, Accuracy: 0.9220, F1: 0.9229
2025-05-17 08:36:33,428 - INFO - Fold 3, Epoch 26: Saved best model
2025-05-17 08:36:33,497 - INFO - Fold 3, Epoch 27, Train Loss: 0.3067, Val Loss: 0.2372, Accuracy: 0.9249, F1: 0.9255
2025-05-17 08:36:33,499 - INFO - Fold 3, Epoch 27: Saved best model
2025-05-17 08:36:33,557 - INFO - Fold 3, Epoch 28, Train Loss: 0.3062, Val Loss: 0.2285, Accuracy: 0.9191, F1: 0.9204
2025-05-17 08:36:33,559 - INFO - Fold 3, Epoch 28: Saved best model
2025-05-17 08:36:33,620 - INFO - Fold 3, Epoch 29, Train Loss: 0.3004, Val Loss: 0.2204, Accuracy: 0.9306, F1: 0.9314
2025-05-17 08:36:33,623 - INFO - Fold 3, Epoch 29: Saved best model
2025-05-17 08:36:33,683 - INFO - Fold 3, Epoch 30, Train Loss: 0.2729, Val Loss: 0.2158, Accuracy: 0.9364, F1: 0.9373
2025-05-17 08:36:33,686 - INFO - Fold 3, Epoch 30: Saved best model
2025-05-17 08:36:33,826 - INFO - Fold 3, Epoch 31, Train Loss: 0.2815, Val Loss: 0.2090, Accuracy: 0.9393, F1: 0.9399
2025-05-17 08:36:33,829 - INFO - Fold 3, Epoch 31: Saved best model
2025-05-17 08:36:34,001 - INFO - Fold 3, Epoch 32, Train Loss: 0.2838, Val Loss: 0.2074, Accuracy: 0.9364, F1: 0.9368
2025-05-17 08:36:34,003 - INFO - Fold 3, Epoch 32: Saved best model
2025-05-17 08:36:34,120 - INFO - Fold 3, Epoch 33, Train Loss: 0.2613, Val Loss: 0.2038, Accuracy: 0.9393, F1: 0.9400
2025-05-17 08:36:34,123 - INFO - Fold 3, Epoch 33: Saved best model
2025-05-17 08:36:34,196 - INFO - Fold 3, Epoch 34, Train Loss: 0.2682, Val Loss: 0.1966, Accuracy: 0.9480, F1: 0.9474
2025-05-17 08:36:34,198 - INFO - Fold 3, Epoch 34: Saved best model
2025-05-17 08:36:34,274 - INFO - Fold 3, Epoch 35, Train Loss: 0.2687, Val Loss: 0.1934, Accuracy: 0.9509, F1: 0.9505
2025-05-17 08:36:34,277 - INFO - Fold 3, Epoch 35: Saved best model
2025-05-17 08:36:34,347 - INFO - Fold 3, Epoch 36, Train Loss: 0.2573, Val Loss: 0.1876, Accuracy: 0.9566, F1: 0.9562
2025-05-17 08:36:34,350 - INFO - Fold 3, Epoch 36: Saved best model
2025-05-17 08:36:34,411 - INFO - Fold 3, Epoch 37, Train Loss: 0.2517, Val Loss: 0.1910, Accuracy: 0.9509, F1: 0.9502
2025-05-17 08:36:34,493 - INFO - Fold 3, Epoch 38, Train Loss: 0.2511, Val Loss: 0.1824, Accuracy: 0.9566, F1: 0.9562
2025-05-17 08:36:34,495 - INFO - Fold 3, Epoch 38: Saved best model
2025-05-17 08:36:34,567 - INFO - Fold 3, Epoch 39, Train Loss: 0.2431, Val Loss: 0.1791, Accuracy: 0.9595, F1: 0.9592
2025-05-17 08:36:34,570 - INFO - Fold 3, Epoch 39: Saved best model
2025-05-17 08:36:34,635 - INFO - Fold 3, Epoch 40, Train Loss: 0.2375, Val Loss: 0.1766, Accuracy: 0.9595, F1: 0.9592
2025-05-17 08:36:34,637 - INFO - Fold 3, Epoch 40: Saved best model
2025-05-17 08:36:34,699 - INFO - Fold 3, Epoch 41, Train Loss: 0.2212, Val Loss: 0.1748, Accuracy: 0.9595, F1: 0.9592
2025-05-17 08:36:34,702 - INFO - Fold 3, Epoch 41: Saved best model
2025-05-17 08:36:34,766 - INFO - Fold 3, Epoch 42, Train Loss: 0.2493, Val Loss: 0.1692, Accuracy: 0.9595, F1: 0.9592
2025-05-17 08:36:34,769 - INFO - Fold 3, Epoch 42: Saved best model
2025-05-17 08:36:34,829 - INFO - Fold 3, Epoch 43, Train Loss: 0.2295, Val Loss: 0.1667, Accuracy: 0.9595, F1: 0.9592
2025-05-17 08:36:34,831 - INFO - Fold 3, Epoch 43: Saved best model
2025-05-17 08:36:34,890 - INFO - Fold 3, Epoch 44, Train Loss: 0.2207, Val Loss: 0.1683, Accuracy: 0.9624, F1: 0.9619
2025-05-17 08:36:34,948 - INFO - Fold 3, Epoch 45, Train Loss: 0.2166, Val Loss: 0.1642, Accuracy: 0.9595, F1: 0.9592
2025-05-17 08:36:34,950 - INFO - Fold 3, Epoch 45: Saved best model
2025-05-17 08:36:35,006 - INFO - Fold 3, Epoch 46, Train Loss: 0.2355, Val Loss: 0.1627, Accuracy: 0.9595, F1: 0.9592
2025-05-17 08:36:35,009 - INFO - Fold 3, Epoch 46: Saved best model
2025-05-17 08:36:35,065 - INFO - Fold 3, Epoch 47, Train Loss: 0.2123, Val Loss: 0.1636, Accuracy: 0.9624, F1: 0.9622
2025-05-17 08:36:35,121 - INFO - Fold 3, Epoch 48, Train Loss: 0.2122, Val Loss: 0.1571, Accuracy: 0.9624, F1: 0.9622
2025-05-17 08:36:35,124 - INFO - Fold 3, Epoch 48: Saved best model
2025-05-17 08:36:35,176 - INFO - Fold 3, Epoch 49, Train Loss: 0.1994, Val Loss: 0.1541, Accuracy: 0.9653, F1: 0.9649
2025-05-17 08:36:35,178 - INFO - Fold 3, Epoch 49: Saved best model
2025-05-17 08:36:35,242 - INFO - Fold 3, Epoch 50, Train Loss: 0.1956, Val Loss: 0.1532, Accuracy: 0.9624, F1: 0.9619
2025-05-17 08:36:35,245 - INFO - Fold 3, Epoch 50: Saved best model
2025-05-17 08:36:35,298 - INFO - Fold 3, Epoch 51, Train Loss: 0.1948, Val Loss: 0.1531, Accuracy: 0.9653, F1: 0.9649
2025-05-17 08:36:35,300 - INFO - Fold 3, Epoch 51: Saved best model
2025-05-17 08:36:35,358 - INFO - Fold 3, Epoch 52, Train Loss: 0.2127, Val Loss: 0.1515, Accuracy: 0.9653, F1: 0.9649
2025-05-17 08:36:35,360 - INFO - Fold 3, Epoch 52: Saved best model
2025-05-17 08:36:35,422 - INFO - Fold 3, Epoch 53, Train Loss: 0.2001, Val Loss: 0.1503, Accuracy: 0.9653, F1: 0.9649
2025-05-17 08:36:35,423 - INFO - Fold 3, Epoch 53: Saved best model
2025-05-17 08:36:35,485 - INFO - Fold 3, Epoch 54, Train Loss: 0.2005, Val Loss: 0.1474, Accuracy: 0.9624, F1: 0.9619
2025-05-17 08:36:35,488 - INFO - Fold 3, Epoch 54: Saved best model
2025-05-17 08:36:35,545 - INFO - Fold 3, Epoch 55, Train Loss: 0.1948, Val Loss: 0.1432, Accuracy: 0.9653, F1: 0.9649
2025-05-17 08:36:35,547 - INFO - Fold 3, Epoch 55: Saved best model
2025-05-17 08:36:35,593 - INFO - Fold 3, Epoch 56, Train Loss: 0.1905, Val Loss: 0.1426, Accuracy: 0.9653, F1: 0.9649
2025-05-17 08:36:35,595 - INFO - Fold 3, Epoch 56: Saved best model
2025-05-17 08:36:35,643 - INFO - Fold 3, Epoch 57, Train Loss: 0.1870, Val Loss: 0.1451, Accuracy: 0.9653, F1: 0.9649
2025-05-17 08:36:35,704 - INFO - Fold 3, Epoch 58, Train Loss: 0.1859, Val Loss: 0.1420, Accuracy: 0.9682, F1: 0.9680
2025-05-17 08:36:35,707 - INFO - Fold 3, Epoch 58: Saved best model
2025-05-17 08:36:35,766 - INFO - Fold 3, Epoch 59, Train Loss: 0.1935, Val Loss: 0.1427, Accuracy: 0.9682, F1: 0.9680
2025-05-17 08:36:35,828 - INFO - Fold 3, Epoch 60, Train Loss: 0.1823, Val Loss: 0.1391, Accuracy: 0.9682, F1: 0.9680
2025-05-17 08:36:35,832 - INFO - Fold 3, Epoch 60: Saved best model
2025-05-17 08:36:35,893 - INFO - Fold 3, Epoch 61, Train Loss: 0.1827, Val Loss: 0.1382, Accuracy: 0.9682, F1: 0.9680
2025-05-17 08:36:35,895 - INFO - Fold 3, Epoch 61: Saved best model
2025-05-17 08:36:35,973 - INFO - Fold 3, Epoch 62, Train Loss: 0.1825, Val Loss: 0.1361, Accuracy: 0.9682, F1: 0.9680
2025-05-17 08:36:35,975 - INFO - Fold 3, Epoch 62: Saved best model
2025-05-17 08:36:36,041 - INFO - Fold 3, Epoch 63, Train Loss: 0.1839, Val Loss: 0.1353, Accuracy: 0.9682, F1: 0.9680
2025-05-17 08:36:36,043 - INFO - Fold 3, Epoch 63: Saved best model
2025-05-17 08:36:36,125 - INFO - Fold 3, Epoch 64, Train Loss: 0.1721, Val Loss: 0.1392, Accuracy: 0.9682, F1: 0.9680
2025-05-17 08:36:36,194 - INFO - Fold 3, Epoch 65, Train Loss: 0.1802, Val Loss: 0.1382, Accuracy: 0.9682, F1: 0.9680
2025-05-17 08:36:36,265 - INFO - Fold 3, Epoch 66, Train Loss: 0.1778, Val Loss: 0.1311, Accuracy: 0.9682, F1: 0.9680
2025-05-17 08:36:36,268 - INFO - Fold 3, Epoch 66: Saved best model
2025-05-17 08:36:36,328 - INFO - Fold 3, Epoch 67, Train Loss: 0.1765, Val Loss: 0.1299, Accuracy: 0.9682, F1: 0.9680
2025-05-17 08:36:36,332 - INFO - Fold 3, Epoch 67: Saved best model
2025-05-17 08:36:36,407 - INFO - Fold 3, Epoch 68, Train Loss: 0.1652, Val Loss: 0.1290, Accuracy: 0.9682, F1: 0.9680
2025-05-17 08:36:36,409 - INFO - Fold 3, Epoch 68: Saved best model
2025-05-17 08:36:36,485 - INFO - Fold 3, Epoch 69, Train Loss: 0.1743, Val Loss: 0.1293, Accuracy: 0.9682, F1: 0.9680
2025-05-17 08:36:36,553 - INFO - Fold 3, Epoch 70, Train Loss: 0.1703, Val Loss: 0.1310, Accuracy: 0.9682, F1: 0.9680
2025-05-17 08:36:36,642 - INFO - Fold 3, Epoch 71, Train Loss: 0.1678, Val Loss: 0.1295, Accuracy: 0.9682, F1: 0.9680
2025-05-17 08:36:36,715 - INFO - Fold 3, Epoch 72, Train Loss: 0.1677, Val Loss: 0.1327, Accuracy: 0.9682, F1: 0.9680
2025-05-17 08:36:36,795 - INFO - Fold 3, Epoch 73, Train Loss: 0.1715, Val Loss: 0.1322, Accuracy: 0.9682, F1: 0.9680
2025-05-17 08:36:36,874 - INFO - Fold 3, Epoch 74, Train Loss: 0.1675, Val Loss: 0.1267, Accuracy: 0.9682, F1: 0.9680
2025-05-17 08:36:36,877 - INFO - Fold 3, Epoch 74: Saved best model
2025-05-17 08:36:36,941 - INFO - Fold 3, Epoch 75, Train Loss: 0.1688, Val Loss: 0.1248, Accuracy: 0.9682, F1: 0.9680
2025-05-17 08:36:36,944 - INFO - Fold 3, Epoch 75: Saved best model
2025-05-17 08:36:37,011 - INFO - Fold 3, Epoch 76, Train Loss: 0.1646, Val Loss: 0.1219, Accuracy: 0.9682, F1: 0.9680
2025-05-17 08:36:37,014 - INFO - Fold 3, Epoch 76: Saved best model
2025-05-17 08:36:37,092 - INFO - Fold 3, Epoch 77, Train Loss: 0.1620, Val Loss: 0.1200, Accuracy: 0.9682, F1: 0.9680
2025-05-17 08:36:37,094 - INFO - Fold 3, Epoch 77: Saved best model
2025-05-17 08:36:37,167 - INFO - Fold 3, Epoch 78, Train Loss: 0.1573, Val Loss: 0.1218, Accuracy: 0.9682, F1: 0.9680
2025-05-17 08:36:37,242 - INFO - Fold 3, Epoch 79, Train Loss: 0.1533, Val Loss: 0.1209, Accuracy: 0.9682, F1: 0.9680
2025-05-17 08:36:37,310 - INFO - Fold 3, Epoch 80, Train Loss: 0.1713, Val Loss: 0.1208, Accuracy: 0.9682, F1: 0.9680
2025-05-17 08:36:37,375 - INFO - Fold 3, Epoch 81, Train Loss: 0.1475, Val Loss: 0.1201, Accuracy: 0.9682, F1: 0.9680
2025-05-17 08:36:37,442 - INFO - Fold 3, Epoch 82, Train Loss: 0.1536, Val Loss: 0.1201, Accuracy: 0.9682, F1: 0.9680
2025-05-17 08:36:37,523 - INFO - Fold 3, Epoch 83, Train Loss: 0.1580, Val Loss: 0.1179, Accuracy: 0.9682, F1: 0.9680
2025-05-17 08:36:37,525 - INFO - Fold 3, Epoch 83: Saved best model
2025-05-17 08:36:37,588 - INFO - Fold 3, Epoch 84, Train Loss: 0.1537, Val Loss: 0.1163, Accuracy: 0.9711, F1: 0.9710
2025-05-17 08:36:37,590 - INFO - Fold 3, Epoch 84: Saved best model
2025-05-17 08:36:37,648 - INFO - Fold 3, Epoch 85, Train Loss: 0.1569, Val Loss: 0.1202, Accuracy: 0.9682, F1: 0.9680
2025-05-17 08:36:37,711 - INFO - Fold 3, Epoch 86, Train Loss: 0.1522, Val Loss: 0.1192, Accuracy: 0.9682, F1: 0.9680
2025-05-17 08:36:37,778 - INFO - Fold 3, Epoch 87, Train Loss: 0.1383, Val Loss: 0.1210, Accuracy: 0.9682, F1: 0.9680
2025-05-17 08:36:37,854 - INFO - Fold 3, Epoch 88, Train Loss: 0.1467, Val Loss: 0.1194, Accuracy: 0.9682, F1: 0.9680
2025-05-17 08:36:37,925 - INFO - Fold 3, Epoch 89, Train Loss: 0.1495, Val Loss: 0.1199, Accuracy: 0.9653, F1: 0.9650
2025-05-17 08:36:38,014 - INFO - Fold 3, Epoch 90, Train Loss: 0.1430, Val Loss: 0.1193, Accuracy: 0.9682, F1: 0.9680
2025-05-17 08:36:38,080 - INFO - Fold 3, Epoch 91, Train Loss: 0.1464, Val Loss: 0.1146, Accuracy: 0.9682, F1: 0.9680
2025-05-17 08:36:38,083 - INFO - Fold 3, Epoch 91: Saved best model
2025-05-17 08:36:38,154 - INFO - Fold 3, Epoch 92, Train Loss: 0.1436, Val Loss: 0.1157, Accuracy: 0.9682, F1: 0.9680
2025-05-17 08:36:38,218 - INFO - Fold 3, Epoch 93, Train Loss: 0.1463, Val Loss: 0.1147, Accuracy: 0.9682, F1: 0.9680
2025-05-17 08:36:38,282 - INFO - Fold 3, Epoch 94, Train Loss: 0.1375, Val Loss: 0.1172, Accuracy: 0.9682, F1: 0.9680
2025-05-17 08:36:38,346 - INFO - Fold 3, Epoch 95, Train Loss: 0.1459, Val Loss: 0.1175, Accuracy: 0.9653, F1: 0.9650
2025-05-17 08:36:38,409 - INFO - Fold 3, Epoch 96, Train Loss: 0.1308, Val Loss: 0.1121, Accuracy: 0.9682, F1: 0.9680
2025-05-17 08:36:38,412 - INFO - Fold 3, Epoch 96: Saved best model
2025-05-17 08:36:38,483 - INFO - Fold 3, Epoch 97, Train Loss: 0.1378, Val Loss: 0.1093, Accuracy: 0.9682, F1: 0.9680
2025-05-17 08:36:38,486 - INFO - Fold 3, Epoch 97: Saved best model
2025-05-17 08:36:38,563 - INFO - Fold 3, Epoch 98, Train Loss: 0.1507, Val Loss: 0.1101, Accuracy: 0.9711, F1: 0.9710
2025-05-17 08:36:38,628 - INFO - Fold 3, Epoch 99, Train Loss: 0.1390, Val Loss: 0.1117, Accuracy: 0.9682, F1: 0.9680
2025-05-17 08:36:38,707 - INFO - Fold 3, Epoch 100, Train Loss: 0.1426, Val Loss: 0.1147, Accuracy: 0.9653, F1: 0.9650
2025-05-17 08:36:38,707 - INFO - Starting fold 4
2025-05-17 08:36:38,718 - INFO - Saved scaler for fold 4
2025-05-17 08:36:38,797 - INFO - Fold 4, Epoch 1, Train Loss: 1.6924, Val Loss: 1.5760, Accuracy: 0.5710, F1: 0.5646
2025-05-17 08:36:38,801 - INFO - Fold 4, Epoch 1: Saved best model
2025-05-17 08:36:38,868 - INFO - Fold 4, Epoch 2, Train Loss: 1.5105, Val Loss: 1.3584, Accuracy: 0.5826, F1: 0.5714
2025-05-17 08:36:38,870 - INFO - Fold 4, Epoch 2: Saved best model
2025-05-17 08:36:38,933 - INFO - Fold 4, Epoch 3, Train Loss: 1.3090, Val Loss: 1.1497, Accuracy: 0.6174, F1: 0.6055
2025-05-17 08:36:38,936 - INFO - Fold 4, Epoch 3: Saved best model
2025-05-17 08:36:39,028 - INFO - Fold 4, Epoch 4, Train Loss: 1.1310, Val Loss: 0.9831, Accuracy: 0.6928, F1: 0.6832
2025-05-17 08:36:39,031 - INFO - Fold 4, Epoch 4: Saved best model
2025-05-17 08:36:39,096 - INFO - Fold 4, Epoch 5, Train Loss: 0.9847, Val Loss: 0.8465, Accuracy: 0.7014, F1: 0.6956
2025-05-17 08:36:39,099 - INFO - Fold 4, Epoch 5: Saved best model
2025-05-17 08:36:39,193 - INFO - Fold 4, Epoch 6, Train Loss: 0.8767, Val Loss: 0.7378, Accuracy: 0.7565, F1: 0.7583
2025-05-17 08:36:39,196 - INFO - Fold 4, Epoch 6: Saved best model
2025-05-17 08:36:39,264 - INFO - Fold 4, Epoch 7, Train Loss: 0.7761, Val Loss: 0.6551, Accuracy: 0.7913, F1: 0.7963
2025-05-17 08:36:39,266 - INFO - Fold 4, Epoch 7: Saved best model
2025-05-17 08:36:39,334 - INFO - Fold 4, Epoch 8, Train Loss: 0.7092, Val Loss: 0.5878, Accuracy: 0.8174, F1: 0.8222
2025-05-17 08:36:39,338 - INFO - Fold 4, Epoch 8: Saved best model
2025-05-17 08:36:39,402 - INFO - Fold 4, Epoch 9, Train Loss: 0.6554, Val Loss: 0.5359, Accuracy: 0.8406, F1: 0.8438
2025-05-17 08:36:39,404 - INFO - Fold 4, Epoch 9: Saved best model
2025-05-17 08:36:39,456 - INFO - Fold 4, Epoch 10, Train Loss: 0.6106, Val Loss: 0.4900, Accuracy: 0.8580, F1: 0.8603
2025-05-17 08:36:39,458 - INFO - Fold 4, Epoch 10: Saved best model
2025-05-17 08:36:39,530 - INFO - Fold 4, Epoch 11, Train Loss: 0.5691, Val Loss: 0.4504, Accuracy: 0.8783, F1: 0.8799
2025-05-17 08:36:39,532 - INFO - Fold 4, Epoch 11: Saved best model
2025-05-17 08:36:39,587 - INFO - Fold 4, Epoch 12, Train Loss: 0.5342, Val Loss: 0.4207, Accuracy: 0.8783, F1: 0.8799
2025-05-17 08:36:39,589 - INFO - Fold 4, Epoch 12: Saved best model
2025-05-17 08:36:39,644 - INFO - Fold 4, Epoch 13, Train Loss: 0.4905, Val Loss: 0.3913, Accuracy: 0.8899, F1: 0.8914
2025-05-17 08:36:39,645 - INFO - Fold 4, Epoch 13: Saved best model
2025-05-17 08:36:39,710 - INFO - Fold 4, Epoch 14, Train Loss: 0.4679, Val Loss: 0.3699, Accuracy: 0.8986, F1: 0.9002
2025-05-17 08:36:39,713 - INFO - Fold 4, Epoch 14: Saved best model
2025-05-17 08:36:39,768 - INFO - Fold 4, Epoch 15, Train Loss: 0.4597, Val Loss: 0.3489, Accuracy: 0.9014, F1: 0.9032
2025-05-17 08:36:39,770 - INFO - Fold 4, Epoch 15: Saved best model
2025-05-17 08:36:39,824 - INFO - Fold 4, Epoch 16, Train Loss: 0.4390, Val Loss: 0.3319, Accuracy: 0.9043, F1: 0.9062
2025-05-17 08:36:39,826 - INFO - Fold 4, Epoch 16: Saved best model
2025-05-17 08:36:39,885 - INFO - Fold 4, Epoch 17, Train Loss: 0.3979, Val Loss: 0.3179, Accuracy: 0.9043, F1: 0.9062
2025-05-17 08:36:39,887 - INFO - Fold 4, Epoch 17: Saved best model
2025-05-17 08:36:39,942 - INFO - Fold 4, Epoch 18, Train Loss: 0.4107, Val Loss: 0.3064, Accuracy: 0.9072, F1: 0.9091
2025-05-17 08:36:39,945 - INFO - Fold 4, Epoch 18: Saved best model
2025-05-17 08:36:40,119 - INFO - Fold 4, Epoch 19, Train Loss: 0.3923, Val Loss: 0.2952, Accuracy: 0.9072, F1: 0.9087
2025-05-17 08:36:40,122 - INFO - Fold 4, Epoch 19: Saved best model
2025-05-17 08:36:40,348 - INFO - Fold 4, Epoch 20, Train Loss: 0.3636, Val Loss: 0.2859, Accuracy: 0.9101, F1: 0.9117
2025-05-17 08:36:40,351 - INFO - Fold 4, Epoch 20: Saved best model
2025-05-17 08:36:40,462 - INFO - Fold 4, Epoch 21, Train Loss: 0.3541, Val Loss: 0.2759, Accuracy: 0.9101, F1: 0.9120
2025-05-17 08:36:40,465 - INFO - Fold 4, Epoch 21: Saved best model
2025-05-17 08:36:40,557 - INFO - Fold 4, Epoch 22, Train Loss: 0.3458, Val Loss: 0.2652, Accuracy: 0.9101, F1: 0.9120
2025-05-17 08:36:40,560 - INFO - Fold 4, Epoch 22: Saved best model
2025-05-17 08:36:40,644 - INFO - Fold 4, Epoch 23, Train Loss: 0.3469, Val Loss: 0.2593, Accuracy: 0.9130, F1: 0.9150
2025-05-17 08:36:40,646 - INFO - Fold 4, Epoch 23: Saved best model
2025-05-17 08:36:40,755 - INFO - Fold 4, Epoch 24, Train Loss: 0.3368, Val Loss: 0.2519, Accuracy: 0.9217, F1: 0.9226
2025-05-17 08:36:40,757 - INFO - Fold 4, Epoch 24: Saved best model
2025-05-17 08:36:40,848 - INFO - Fold 4, Epoch 25, Train Loss: 0.3078, Val Loss: 0.2448, Accuracy: 0.9159, F1: 0.9168
2025-05-17 08:36:40,851 - INFO - Fold 4, Epoch 25: Saved best model
2025-05-17 08:36:41,154 - INFO - Fold 4, Epoch 26, Train Loss: 0.3168, Val Loss: 0.2390, Accuracy: 0.9217, F1: 0.9227
2025-05-17 08:36:41,157 - INFO - Fold 4, Epoch 26: Saved best model
2025-05-17 08:36:41,310 - INFO - Fold 4, Epoch 27, Train Loss: 0.2975, Val Loss: 0.2340, Accuracy: 0.9159, F1: 0.9168
2025-05-17 08:36:41,313 - INFO - Fold 4, Epoch 27: Saved best model
2025-05-17 08:36:41,420 - INFO - Fold 4, Epoch 28, Train Loss: 0.2955, Val Loss: 0.2288, Accuracy: 0.9159, F1: 0.9168
2025-05-17 08:36:41,422 - INFO - Fold 4, Epoch 28: Saved best model
2025-05-17 08:36:41,539 - INFO - Fold 4, Epoch 29, Train Loss: 0.2945, Val Loss: 0.2224, Accuracy: 0.9188, F1: 0.9193
2025-05-17 08:36:41,542 - INFO - Fold 4, Epoch 29: Saved best model
2025-05-17 08:36:41,630 - INFO - Fold 4, Epoch 30, Train Loss: 0.2795, Val Loss: 0.2192, Accuracy: 0.9217, F1: 0.9223
2025-05-17 08:36:41,633 - INFO - Fold 4, Epoch 30: Saved best model
2025-05-17 08:36:41,716 - INFO - Fold 4, Epoch 31, Train Loss: 0.2641, Val Loss: 0.2139, Accuracy: 0.9246, F1: 0.9252
2025-05-17 08:36:41,719 - INFO - Fold 4, Epoch 31: Saved best model
2025-05-17 08:36:41,803 - INFO - Fold 4, Epoch 32, Train Loss: 0.2777, Val Loss: 0.2107, Accuracy: 0.9246, F1: 0.9252
2025-05-17 08:36:41,805 - INFO - Fold 4, Epoch 32: Saved best model
2025-05-17 08:36:41,893 - INFO - Fold 4, Epoch 33, Train Loss: 0.2745, Val Loss: 0.2095, Accuracy: 0.9246, F1: 0.9244
2025-05-17 08:36:41,895 - INFO - Fold 4, Epoch 33: Saved best model
2025-05-17 08:36:41,955 - INFO - Fold 4, Epoch 34, Train Loss: 0.2525, Val Loss: 0.2054, Accuracy: 0.9275, F1: 0.9274
2025-05-17 08:36:41,958 - INFO - Fold 4, Epoch 34: Saved best model
2025-05-17 08:36:42,019 - INFO - Fold 4, Epoch 35, Train Loss: 0.2485, Val Loss: 0.2007, Accuracy: 0.9275, F1: 0.9274
2025-05-17 08:36:42,022 - INFO - Fold 4, Epoch 35: Saved best model
2025-05-17 08:36:42,088 - INFO - Fold 4, Epoch 36, Train Loss: 0.2605, Val Loss: 0.1991, Accuracy: 0.9275, F1: 0.9275
2025-05-17 08:36:42,090 - INFO - Fold 4, Epoch 36: Saved best model
2025-05-17 08:36:42,154 - INFO - Fold 4, Epoch 37, Train Loss: 0.2409, Val Loss: 0.1980, Accuracy: 0.9275, F1: 0.9274
2025-05-17 08:36:42,156 - INFO - Fold 4, Epoch 37: Saved best model
2025-05-17 08:36:42,211 - INFO - Fold 4, Epoch 38, Train Loss: 0.2387, Val Loss: 0.1944, Accuracy: 0.9275, F1: 0.9274
2025-05-17 08:36:42,213 - INFO - Fold 4, Epoch 38: Saved best model
2025-05-17 08:36:42,266 - INFO - Fold 4, Epoch 39, Train Loss: 0.2446, Val Loss: 0.1904, Accuracy: 0.9333, F1: 0.9329
2025-05-17 08:36:42,269 - INFO - Fold 4, Epoch 39: Saved best model
2025-05-17 08:36:42,328 - INFO - Fold 4, Epoch 40, Train Loss: 0.2460, Val Loss: 0.1890, Accuracy: 0.9304, F1: 0.9299
2025-05-17 08:36:42,330 - INFO - Fold 4, Epoch 40: Saved best model
2025-05-17 08:36:42,387 - INFO - Fold 4, Epoch 41, Train Loss: 0.2372, Val Loss: 0.1874, Accuracy: 0.9304, F1: 0.9299
2025-05-17 08:36:42,390 - INFO - Fold 4, Epoch 41: Saved best model
2025-05-17 08:36:42,444 - INFO - Fold 4, Epoch 42, Train Loss: 0.2305, Val Loss: 0.1856, Accuracy: 0.9362, F1: 0.9358
2025-05-17 08:36:42,446 - INFO - Fold 4, Epoch 42: Saved best model
2025-05-17 08:36:42,500 - INFO - Fold 4, Epoch 43, Train Loss: 0.2369, Val Loss: 0.1829, Accuracy: 0.9304, F1: 0.9300
2025-05-17 08:36:42,502 - INFO - Fold 4, Epoch 43: Saved best model
2025-05-17 08:36:42,561 - INFO - Fold 4, Epoch 44, Train Loss: 0.2111, Val Loss: 0.1803, Accuracy: 0.9333, F1: 0.9334
2025-05-17 08:36:42,563 - INFO - Fold 4, Epoch 44: Saved best model
2025-05-17 08:36:42,611 - INFO - Fold 4, Epoch 45, Train Loss: 0.2190, Val Loss: 0.1820, Accuracy: 0.9246, F1: 0.9240
2025-05-17 08:36:42,667 - INFO - Fold 4, Epoch 46, Train Loss: 0.2163, Val Loss: 0.1791, Accuracy: 0.9333, F1: 0.9331
2025-05-17 08:36:42,669 - INFO - Fold 4, Epoch 46: Saved best model
2025-05-17 08:36:42,717 - INFO - Fold 4, Epoch 47, Train Loss: 0.2187, Val Loss: 0.1792, Accuracy: 0.9333, F1: 0.9331
2025-05-17 08:36:42,770 - INFO - Fold 4, Epoch 48, Train Loss: 0.2139, Val Loss: 0.1777, Accuracy: 0.9362, F1: 0.9355
2025-05-17 08:36:42,772 - INFO - Fold 4, Epoch 48: Saved best model
2025-05-17 08:36:42,820 - INFO - Fold 4, Epoch 49, Train Loss: 0.1979, Val Loss: 0.1766, Accuracy: 0.9391, F1: 0.9388
2025-05-17 08:36:42,822 - INFO - Fold 4, Epoch 49: Saved best model
2025-05-17 08:36:42,883 - INFO - Fold 4, Epoch 50, Train Loss: 0.1996, Val Loss: 0.1750, Accuracy: 0.9333, F1: 0.9326
2025-05-17 08:36:42,885 - INFO - Fold 4, Epoch 50: Saved best model
2025-05-17 08:36:42,961 - INFO - Fold 4, Epoch 51, Train Loss: 0.2125, Val Loss: 0.1715, Accuracy: 0.9449, F1: 0.9443
2025-05-17 08:36:42,964 - INFO - Fold 4, Epoch 51: Saved best model
2025-05-17 08:36:43,032 - INFO - Fold 4, Epoch 52, Train Loss: 0.2052, Val Loss: 0.1688, Accuracy: 0.9449, F1: 0.9443
2025-05-17 08:36:43,034 - INFO - Fold 4, Epoch 52: Saved best model
2025-05-17 08:36:43,098 - INFO - Fold 4, Epoch 53, Train Loss: 0.2088, Val Loss: 0.1694, Accuracy: 0.9420, F1: 0.9414
2025-05-17 08:36:43,162 - INFO - Fold 4, Epoch 54, Train Loss: 0.2029, Val Loss: 0.1678, Accuracy: 0.9449, F1: 0.9443
2025-05-17 08:36:43,165 - INFO - Fold 4, Epoch 54: Saved best model
2025-05-17 08:36:43,223 - INFO - Fold 4, Epoch 55, Train Loss: 0.1819, Val Loss: 0.1670, Accuracy: 0.9420, F1: 0.9414
2025-05-17 08:36:43,226 - INFO - Fold 4, Epoch 55: Saved best model
2025-05-17 08:36:43,282 - INFO - Fold 4, Epoch 56, Train Loss: 0.1915, Val Loss: 0.1657, Accuracy: 0.9391, F1: 0.9385
2025-05-17 08:36:43,285 - INFO - Fold 4, Epoch 56: Saved best model
2025-05-17 08:36:43,344 - INFO - Fold 4, Epoch 57, Train Loss: 0.1839, Val Loss: 0.1657, Accuracy: 0.9362, F1: 0.9356
2025-05-17 08:36:43,398 - INFO - Fold 4, Epoch 58, Train Loss: 0.1867, Val Loss: 0.1672, Accuracy: 0.9362, F1: 0.9356
2025-05-17 08:36:43,451 - INFO - Fold 4, Epoch 59, Train Loss: 0.1888, Val Loss: 0.1659, Accuracy: 0.9333, F1: 0.9327
2025-05-17 08:36:43,499 - INFO - Fold 4, Epoch 60, Train Loss: 0.1876, Val Loss: 0.1618, Accuracy: 0.9362, F1: 0.9356
2025-05-17 08:36:43,501 - INFO - Fold 4, Epoch 60: Saved best model
2025-05-17 08:36:43,561 - INFO - Fold 4, Epoch 61, Train Loss: 0.1927, Val Loss: 0.1623, Accuracy: 0.9362, F1: 0.9356
2025-05-17 08:36:43,625 - INFO - Fold 4, Epoch 62, Train Loss: 0.1773, Val Loss: 0.1605, Accuracy: 0.9449, F1: 0.9443
2025-05-17 08:36:43,628 - INFO - Fold 4, Epoch 62: Saved best model
2025-05-17 08:36:43,696 - INFO - Fold 4, Epoch 63, Train Loss: 0.1690, Val Loss: 0.1605, Accuracy: 0.9449, F1: 0.9443
2025-05-17 08:36:43,751 - INFO - Fold 4, Epoch 64, Train Loss: 0.1673, Val Loss: 0.1603, Accuracy: 0.9449, F1: 0.9443
2025-05-17 08:36:43,754 - INFO - Fold 4, Epoch 64: Saved best model
2025-05-17 08:36:43,811 - INFO - Fold 4, Epoch 65, Train Loss: 0.1784, Val Loss: 0.1600, Accuracy: 0.9333, F1: 0.9327
2025-05-17 08:36:43,813 - INFO - Fold 4, Epoch 65: Saved best model
2025-05-17 08:36:43,871 - INFO - Fold 4, Epoch 66, Train Loss: 0.1698, Val Loss: 0.1582, Accuracy: 0.9391, F1: 0.9385
2025-05-17 08:36:43,874 - INFO - Fold 4, Epoch 66: Saved best model
2025-05-17 08:36:43,933 - INFO - Fold 4, Epoch 67, Train Loss: 0.1730, Val Loss: 0.1570, Accuracy: 0.9420, F1: 0.9414
2025-05-17 08:36:43,935 - INFO - Fold 4, Epoch 67: Saved best model
2025-05-17 08:36:43,990 - INFO - Fold 4, Epoch 68, Train Loss: 0.1744, Val Loss: 0.1552, Accuracy: 0.9362, F1: 0.9356
2025-05-17 08:36:43,993 - INFO - Fold 4, Epoch 68: Saved best model
2025-05-17 08:36:44,051 - INFO - Fold 4, Epoch 69, Train Loss: 0.1698, Val Loss: 0.1541, Accuracy: 0.9362, F1: 0.9356
2025-05-17 08:36:44,054 - INFO - Fold 4, Epoch 69: Saved best model
2025-05-17 08:36:44,114 - INFO - Fold 4, Epoch 70, Train Loss: 0.1729, Val Loss: 0.1537, Accuracy: 0.9420, F1: 0.9414
2025-05-17 08:36:44,116 - INFO - Fold 4, Epoch 70: Saved best model
2025-05-17 08:36:44,168 - INFO - Fold 4, Epoch 71, Train Loss: 0.1768, Val Loss: 0.1526, Accuracy: 0.9420, F1: 0.9414
2025-05-17 08:36:44,170 - INFO - Fold 4, Epoch 71: Saved best model
2025-05-17 08:36:44,219 - INFO - Fold 4, Epoch 72, Train Loss: 0.1671, Val Loss: 0.1540, Accuracy: 0.9449, F1: 0.9443
2025-05-17 08:36:44,278 - INFO - Fold 4, Epoch 73, Train Loss: 0.1492, Val Loss: 0.1550, Accuracy: 0.9362, F1: 0.9356
2025-05-17 08:36:44,338 - INFO - Fold 4, Epoch 74, Train Loss: 0.1632, Val Loss: 0.1541, Accuracy: 0.9449, F1: 0.9443
2025-05-17 08:36:44,402 - INFO - Fold 4, Epoch 75, Train Loss: 0.1725, Val Loss: 0.1506, Accuracy: 0.9449, F1: 0.9443
2025-05-17 08:36:44,404 - INFO - Fold 4, Epoch 75: Saved best model
2025-05-17 08:36:44,482 - INFO - Fold 4, Epoch 76, Train Loss: 0.1664, Val Loss: 0.1496, Accuracy: 0.9449, F1: 0.9443
2025-05-17 08:36:44,484 - INFO - Fold 4, Epoch 76: Saved best model
2025-05-17 08:36:44,550 - INFO - Fold 4, Epoch 77, Train Loss: 0.1548, Val Loss: 0.1506, Accuracy: 0.9420, F1: 0.9414
2025-05-17 08:36:44,611 - INFO - Fold 4, Epoch 78, Train Loss: 0.1544, Val Loss: 0.1482, Accuracy: 0.9449, F1: 0.9443
2025-05-17 08:36:44,613 - INFO - Fold 4, Epoch 78: Saved best model
2025-05-17 08:36:44,667 - INFO - Fold 4, Epoch 79, Train Loss: 0.1567, Val Loss: 0.1470, Accuracy: 0.9449, F1: 0.9443
2025-05-17 08:36:44,669 - INFO - Fold 4, Epoch 79: Saved best model
2025-05-17 08:36:44,723 - INFO - Fold 4, Epoch 80, Train Loss: 0.1595, Val Loss: 0.1483, Accuracy: 0.9362, F1: 0.9356
2025-05-17 08:36:44,774 - INFO - Fold 4, Epoch 81, Train Loss: 0.1517, Val Loss: 0.1469, Accuracy: 0.9449, F1: 0.9443
2025-05-17 08:36:44,776 - INFO - Fold 4, Epoch 81: Saved best model
2025-05-17 08:36:44,828 - INFO - Fold 4, Epoch 82, Train Loss: 0.1516, Val Loss: 0.1475, Accuracy: 0.9420, F1: 0.9414
2025-05-17 08:36:44,881 - INFO - Fold 4, Epoch 83, Train Loss: 0.1530, Val Loss: 0.1454, Accuracy: 0.9449, F1: 0.9443
2025-05-17 08:36:44,883 - INFO - Fold 4, Epoch 83: Saved best model
2025-05-17 08:36:44,946 - INFO - Fold 4, Epoch 84, Train Loss: 0.1416, Val Loss: 0.1456, Accuracy: 0.9420, F1: 0.9414
2025-05-17 08:36:45,009 - INFO - Fold 4, Epoch 85, Train Loss: 0.1537, Val Loss: 0.1444, Accuracy: 0.9449, F1: 0.9443
2025-05-17 08:36:45,011 - INFO - Fold 4, Epoch 85: Saved best model
2025-05-17 08:36:45,068 - INFO - Fold 4, Epoch 86, Train Loss: 0.1500, Val Loss: 0.1428, Accuracy: 0.9449, F1: 0.9443
2025-05-17 08:36:45,071 - INFO - Fold 4, Epoch 86: Saved best model
2025-05-17 08:36:45,129 - INFO - Fold 4, Epoch 87, Train Loss: 0.1477, Val Loss: 0.1446, Accuracy: 0.9449, F1: 0.9443
2025-05-17 08:36:45,190 - INFO - Fold 4, Epoch 88, Train Loss: 0.1450, Val Loss: 0.1450, Accuracy: 0.9449, F1: 0.9443
2025-05-17 08:36:45,253 - INFO - Fold 4, Epoch 89, Train Loss: 0.1381, Val Loss: 0.1439, Accuracy: 0.9420, F1: 0.9414
2025-05-17 08:36:45,313 - INFO - Fold 4, Epoch 90, Train Loss: 0.1368, Val Loss: 0.1447, Accuracy: 0.9449, F1: 0.9443
2025-05-17 08:36:45,372 - INFO - Fold 4, Epoch 91, Train Loss: 0.1419, Val Loss: 0.1436, Accuracy: 0.9449, F1: 0.9443
2025-05-17 08:36:45,438 - INFO - Fold 4, Epoch 92, Train Loss: 0.1565, Val Loss: 0.1442, Accuracy: 0.9449, F1: 0.9443
2025-05-17 08:36:45,527 - INFO - Fold 4, Epoch 93, Train Loss: 0.1358, Val Loss: 0.1448, Accuracy: 0.9449, F1: 0.9443
2025-05-17 08:36:46,133 - INFO - Fold 4, Epoch 94, Train Loss: 0.1348, Val Loss: 0.1454, Accuracy: 0.9420, F1: 0.9414
2025-05-17 08:36:46,234 - INFO - Fold 4, Epoch 95, Train Loss: 0.1364, Val Loss: 0.1451, Accuracy: 0.9449, F1: 0.9443
2025-05-17 08:36:46,375 - INFO - Fold 4, Epoch 96, Train Loss: 0.1331, Val Loss: 0.1431, Accuracy: 0.9449, F1: 0.9443
2025-05-17 08:36:46,597 - INFO - Fold 4, Epoch 97, Train Loss: 0.1441, Val Loss: 0.1434, Accuracy: 0.9449, F1: 0.9443
2025-05-17 08:36:46,825 - INFO - Fold 4, Epoch 98, Train Loss: 0.1359, Val Loss: 0.1438, Accuracy: 0.9420, F1: 0.9414
2025-05-17 08:36:46,988 - INFO - Fold 4, Epoch 99, Train Loss: 0.1342, Val Loss: 0.1431, Accuracy: 0.9391, F1: 0.9385
2025-05-17 08:36:47,121 - INFO - Fold 4, Epoch 100, Train Loss: 0.1349, Val Loss: 0.1443, Accuracy: 0.9391, F1: 0.9385
2025-05-17 08:36:47,122 - INFO - Starting fold 5
2025-05-17 08:36:47,138 - INFO - Saved scaler for fold 5
2025-05-17 08:36:47,248 - INFO - Fold 5, Epoch 1, Train Loss: 1.7068, Val Loss: 1.6081, Accuracy: 0.4957, F1: 0.4241
2025-05-17 08:36:47,253 - INFO - Fold 5, Epoch 1: Saved best model
2025-05-17 08:36:47,406 - INFO - Fold 5, Epoch 2, Train Loss: 1.5359, Val Loss: 1.4114, Accuracy: 0.5478, F1: 0.5196
2025-05-17 08:36:47,410 - INFO - Fold 5, Epoch 2: Saved best model
2025-05-17 08:36:47,580 - INFO - Fold 5, Epoch 3, Train Loss: 1.3219, Val Loss: 1.2014, Accuracy: 0.6522, F1: 0.6502
2025-05-17 08:36:47,585 - INFO - Fold 5, Epoch 3: Saved best model
2025-05-17 08:36:47,752 - INFO - Fold 5, Epoch 4, Train Loss: 1.1344, Val Loss: 1.0220, Accuracy: 0.7391, F1: 0.7375
2025-05-17 08:36:47,757 - INFO - Fold 5, Epoch 4: Saved best model
2025-05-17 08:36:47,926 - INFO - Fold 5, Epoch 5, Train Loss: 0.9737, Val Loss: 0.8797, Accuracy: 0.7565, F1: 0.7557
2025-05-17 08:36:47,930 - INFO - Fold 5, Epoch 5: Saved best model
2025-05-17 08:36:48,060 - INFO - Fold 5, Epoch 6, Train Loss: 0.8490, Val Loss: 0.7679, Accuracy: 0.7855, F1: 0.7872
2025-05-17 08:36:48,066 - INFO - Fold 5, Epoch 6: Saved best model
2025-05-17 08:36:48,495 - INFO - Fold 5, Epoch 7, Train Loss: 0.7559, Val Loss: 0.6819, Accuracy: 0.8203, F1: 0.8211
2025-05-17 08:36:48,499 - INFO - Fold 5, Epoch 7: Saved best model
2025-05-17 08:36:48,724 - INFO - Fold 5, Epoch 8, Train Loss: 0.6893, Val Loss: 0.6116, Accuracy: 0.8493, F1: 0.8499
2025-05-17 08:36:48,728 - INFO - Fold 5, Epoch 8: Saved best model
2025-05-17 08:36:49,114 - INFO - Fold 5, Epoch 9, Train Loss: 0.6307, Val Loss: 0.5556, Accuracy: 0.8667, F1: 0.8680
2025-05-17 08:36:49,124 - INFO - Fold 5, Epoch 9: Saved best model
2025-05-17 08:36:49,273 - INFO - Fold 5, Epoch 10, Train Loss: 0.5938, Val Loss: 0.5080, Accuracy: 0.8928, F1: 0.8941
2025-05-17 08:36:49,276 - INFO - Fold 5, Epoch 10: Saved best model
2025-05-17 08:36:49,457 - INFO - Fold 5, Epoch 11, Train Loss: 0.5458, Val Loss: 0.4724, Accuracy: 0.8899, F1: 0.8909
2025-05-17 08:36:49,461 - INFO - Fold 5, Epoch 11: Saved best model
2025-05-17 08:36:49,764 - INFO - Fold 5, Epoch 12, Train Loss: 0.5121, Val Loss: 0.4401, Accuracy: 0.8986, F1: 0.8993
2025-05-17 08:36:49,767 - INFO - Fold 5, Epoch 12: Saved best model
2025-05-17 08:36:49,911 - INFO - Fold 5, Epoch 13, Train Loss: 0.4972, Val Loss: 0.4067, Accuracy: 0.9014, F1: 0.9021
2025-05-17 08:36:49,914 - INFO - Fold 5, Epoch 13: Saved best model
2025-05-17 08:36:50,033 - INFO - Fold 5, Epoch 14, Train Loss: 0.4607, Val Loss: 0.3823, Accuracy: 0.9014, F1: 0.9022
2025-05-17 08:36:50,037 - INFO - Fold 5, Epoch 14: Saved best model
2025-05-17 08:36:50,135 - INFO - Fold 5, Epoch 15, Train Loss: 0.4486, Val Loss: 0.3625, Accuracy: 0.9014, F1: 0.9019
2025-05-17 08:36:50,138 - INFO - Fold 5, Epoch 15: Saved best model
2025-05-17 08:36:50,229 - INFO - Fold 5, Epoch 16, Train Loss: 0.4333, Val Loss: 0.3424, Accuracy: 0.9130, F1: 0.9137
2025-05-17 08:36:50,232 - INFO - Fold 5, Epoch 16: Saved best model
2025-05-17 08:36:50,317 - INFO - Fold 5, Epoch 17, Train Loss: 0.4158, Val Loss: 0.3297, Accuracy: 0.9130, F1: 0.9140
2025-05-17 08:36:50,320 - INFO - Fold 5, Epoch 17: Saved best model
2025-05-17 08:36:50,394 - INFO - Fold 5, Epoch 18, Train Loss: 0.4021, Val Loss: 0.3195, Accuracy: 0.9043, F1: 0.9058
2025-05-17 08:36:50,396 - INFO - Fold 5, Epoch 18: Saved best model
2025-05-17 08:36:50,459 - INFO - Fold 5, Epoch 19, Train Loss: 0.3823, Val Loss: 0.3048, Accuracy: 0.9159, F1: 0.9165
2025-05-17 08:36:50,462 - INFO - Fold 5, Epoch 19: Saved best model
2025-05-17 08:36:50,541 - INFO - Fold 5, Epoch 20, Train Loss: 0.3643, Val Loss: 0.2944, Accuracy: 0.9188, F1: 0.9191
2025-05-17 08:36:50,544 - INFO - Fold 5, Epoch 20: Saved best model
2025-05-17 08:36:50,610 - INFO - Fold 5, Epoch 21, Train Loss: 0.3569, Val Loss: 0.2828, Accuracy: 0.9188, F1: 0.9191
2025-05-17 08:36:50,612 - INFO - Fold 5, Epoch 21: Saved best model
2025-05-17 08:36:50,678 - INFO - Fold 5, Epoch 22, Train Loss: 0.3472, Val Loss: 0.2755, Accuracy: 0.9188, F1: 0.9191
2025-05-17 08:36:50,681 - INFO - Fold 5, Epoch 22: Saved best model
2025-05-17 08:36:50,752 - INFO - Fold 5, Epoch 23, Train Loss: 0.3283, Val Loss: 0.2676, Accuracy: 0.9159, F1: 0.9165
2025-05-17 08:36:50,755 - INFO - Fold 5, Epoch 23: Saved best model
2025-05-17 08:36:50,862 - INFO - Fold 5, Epoch 24, Train Loss: 0.3234, Val Loss: 0.2604, Accuracy: 0.9188, F1: 0.9191
2025-05-17 08:36:50,865 - INFO - Fold 5, Epoch 24: Saved best model
2025-05-17 08:36:50,957 - INFO - Fold 5, Epoch 25, Train Loss: 0.3114, Val Loss: 0.2537, Accuracy: 0.9188, F1: 0.9191
2025-05-17 08:36:50,960 - INFO - Fold 5, Epoch 25: Saved best model
2025-05-17 08:36:51,053 - INFO - Fold 5, Epoch 26, Train Loss: 0.3072, Val Loss: 0.2459, Accuracy: 0.9188, F1: 0.9191
2025-05-17 08:36:51,056 - INFO - Fold 5, Epoch 26: Saved best model
2025-05-17 08:36:51,125 - INFO - Fold 5, Epoch 27, Train Loss: 0.3108, Val Loss: 0.2418, Accuracy: 0.9159, F1: 0.9165
2025-05-17 08:36:51,128 - INFO - Fold 5, Epoch 27: Saved best model
2025-05-17 08:36:51,194 - INFO - Fold 5, Epoch 28, Train Loss: 0.2904, Val Loss: 0.2379, Accuracy: 0.9188, F1: 0.9186
2025-05-17 08:36:51,196 - INFO - Fold 5, Epoch 28: Saved best model
2025-05-17 08:36:51,265 - INFO - Fold 5, Epoch 29, Train Loss: 0.2769, Val Loss: 0.2321, Accuracy: 0.9246, F1: 0.9247
2025-05-17 08:36:51,269 - INFO - Fold 5, Epoch 29: Saved best model
2025-05-17 08:36:51,330 - INFO - Fold 5, Epoch 30, Train Loss: 0.2850, Val Loss: 0.2273, Accuracy: 0.9217, F1: 0.9221
2025-05-17 08:36:51,334 - INFO - Fold 5, Epoch 30: Saved best model
2025-05-17 08:36:51,398 - INFO - Fold 5, Epoch 31, Train Loss: 0.2763, Val Loss: 0.2254, Accuracy: 0.9246, F1: 0.9247
2025-05-17 08:36:51,400 - INFO - Fold 5, Epoch 31: Saved best model
2025-05-17 08:36:51,477 - INFO - Fold 5, Epoch 32, Train Loss: 0.2713, Val Loss: 0.2240, Accuracy: 0.9217, F1: 0.9211
2025-05-17 08:36:51,480 - INFO - Fold 5, Epoch 32: Saved best model
2025-05-17 08:36:51,558 - INFO - Fold 5, Epoch 33, Train Loss: 0.2529, Val Loss: 0.2206, Accuracy: 0.9275, F1: 0.9272
2025-05-17 08:36:51,561 - INFO - Fold 5, Epoch 33: Saved best model
2025-05-17 08:36:51,638 - INFO - Fold 5, Epoch 34, Train Loss: 0.2600, Val Loss: 0.2161, Accuracy: 0.9333, F1: 0.9324
2025-05-17 08:36:51,641 - INFO - Fold 5, Epoch 34: Saved best model
2025-05-17 08:36:51,714 - INFO - Fold 5, Epoch 35, Train Loss: 0.2511, Val Loss: 0.2135, Accuracy: 0.9246, F1: 0.9243
2025-05-17 08:36:51,717 - INFO - Fold 5, Epoch 35: Saved best model
2025-05-17 08:36:51,788 - INFO - Fold 5, Epoch 36, Train Loss: 0.2453, Val Loss: 0.2130, Accuracy: 0.9362, F1: 0.9350
2025-05-17 08:36:51,791 - INFO - Fold 5, Epoch 36: Saved best model
2025-05-17 08:36:51,872 - INFO - Fold 5, Epoch 37, Train Loss: 0.2436, Val Loss: 0.2099, Accuracy: 0.9362, F1: 0.9350
2025-05-17 08:36:51,875 - INFO - Fold 5, Epoch 37: Saved best model
2025-05-17 08:36:51,962 - INFO - Fold 5, Epoch 38, Train Loss: 0.2287, Val Loss: 0.2079, Accuracy: 0.9333, F1: 0.9319
2025-05-17 08:36:51,965 - INFO - Fold 5, Epoch 38: Saved best model
2025-05-17 08:36:52,039 - INFO - Fold 5, Epoch 39, Train Loss: 0.2507, Val Loss: 0.2050, Accuracy: 0.9333, F1: 0.9326
2025-05-17 08:36:52,041 - INFO - Fold 5, Epoch 39: Saved best model
2025-05-17 08:36:52,117 - INFO - Fold 5, Epoch 40, Train Loss: 0.2345, Val Loss: 0.2009, Accuracy: 0.9391, F1: 0.9376
2025-05-17 08:36:52,120 - INFO - Fold 5, Epoch 40: Saved best model
2025-05-17 08:36:52,193 - INFO - Fold 5, Epoch 41, Train Loss: 0.2315, Val Loss: 0.2010, Accuracy: 0.9391, F1: 0.9376
2025-05-17 08:36:52,263 - INFO - Fold 5, Epoch 42, Train Loss: 0.2163, Val Loss: 0.1986, Accuracy: 0.9420, F1: 0.9405
2025-05-17 08:36:52,266 - INFO - Fold 5, Epoch 42: Saved best model
2025-05-17 08:36:52,337 - INFO - Fold 5, Epoch 43, Train Loss: 0.2124, Val Loss: 0.1960, Accuracy: 0.9391, F1: 0.9376
2025-05-17 08:36:52,340 - INFO - Fold 5, Epoch 43: Saved best model
2025-05-17 08:36:52,407 - INFO - Fold 5, Epoch 44, Train Loss: 0.2214, Val Loss: 0.1937, Accuracy: 0.9391, F1: 0.9376
2025-05-17 08:36:52,410 - INFO - Fold 5, Epoch 44: Saved best model
2025-05-17 08:36:52,478 - INFO - Fold 5, Epoch 45, Train Loss: 0.2084, Val Loss: 0.1915, Accuracy: 0.9420, F1: 0.9405
2025-05-17 08:36:52,481 - INFO - Fold 5, Epoch 45: Saved best model
2025-05-17 08:36:52,550 - INFO - Fold 5, Epoch 46, Train Loss: 0.2100, Val Loss: 0.1906, Accuracy: 0.9420, F1: 0.9405
2025-05-17 08:36:52,553 - INFO - Fold 5, Epoch 46: Saved best model
2025-05-17 08:36:52,622 - INFO - Fold 5, Epoch 47, Train Loss: 0.2126, Val Loss: 0.1878, Accuracy: 0.9391, F1: 0.9376
2025-05-17 08:36:52,624 - INFO - Fold 5, Epoch 47: Saved best model
2025-05-17 08:36:52,687 - INFO - Fold 5, Epoch 48, Train Loss: 0.1980, Val Loss: 0.1861, Accuracy: 0.9449, F1: 0.9433
2025-05-17 08:36:52,690 - INFO - Fold 5, Epoch 48: Saved best model
2025-05-17 08:36:52,758 - INFO - Fold 5, Epoch 49, Train Loss: 0.2120, Val Loss: 0.1868, Accuracy: 0.9449, F1: 0.9433
2025-05-17 08:36:52,833 - INFO - Fold 5, Epoch 50, Train Loss: 0.1979, Val Loss: 0.1828, Accuracy: 0.9391, F1: 0.9376
2025-05-17 08:36:52,836 - INFO - Fold 5, Epoch 50: Saved best model
2025-05-17 08:36:52,900 - INFO - Fold 5, Epoch 51, Train Loss: 0.2023, Val Loss: 0.1822, Accuracy: 0.9420, F1: 0.9405
2025-05-17 08:36:52,902 - INFO - Fold 5, Epoch 51: Saved best model
2025-05-17 08:36:52,962 - INFO - Fold 5, Epoch 52, Train Loss: 0.1976, Val Loss: 0.1812, Accuracy: 0.9420, F1: 0.9405
2025-05-17 08:36:52,964 - INFO - Fold 5, Epoch 52: Saved best model
2025-05-17 08:36:53,052 - INFO - Fold 5, Epoch 53, Train Loss: 0.2044, Val Loss: 0.1800, Accuracy: 0.9449, F1: 0.9433
2025-05-17 08:36:53,055 - INFO - Fold 5, Epoch 53: Saved best model
2025-05-17 08:36:53,130 - INFO - Fold 5, Epoch 54, Train Loss: 0.1904, Val Loss: 0.1808, Accuracy: 0.9420, F1: 0.9405
2025-05-17 08:36:53,207 - INFO - Fold 5, Epoch 55, Train Loss: 0.1795, Val Loss: 0.1776, Accuracy: 0.9449, F1: 0.9433
2025-05-17 08:36:53,210 - INFO - Fold 5, Epoch 55: Saved best model
2025-05-17 08:36:53,279 - INFO - Fold 5, Epoch 56, Train Loss: 0.1806, Val Loss: 0.1780, Accuracy: 0.9391, F1: 0.9376
2025-05-17 08:36:53,347 - INFO - Fold 5, Epoch 57, Train Loss: 0.1914, Val Loss: 0.1762, Accuracy: 0.9449, F1: 0.9433
2025-05-17 08:36:53,349 - INFO - Fold 5, Epoch 57: Saved best model
2025-05-17 08:36:53,419 - INFO - Fold 5, Epoch 58, Train Loss: 0.1843, Val Loss: 0.1723, Accuracy: 0.9420, F1: 0.9405
2025-05-17 08:36:53,422 - INFO - Fold 5, Epoch 58: Saved best model
2025-05-17 08:36:53,492 - INFO - Fold 5, Epoch 59, Train Loss: 0.1811, Val Loss: 0.1729, Accuracy: 0.9420, F1: 0.9405
2025-05-17 08:36:53,561 - INFO - Fold 5, Epoch 60, Train Loss: 0.1707, Val Loss: 0.1739, Accuracy: 0.9420, F1: 0.9405
2025-05-17 08:36:53,624 - INFO - Fold 5, Epoch 61, Train Loss: 0.1811, Val Loss: 0.1726, Accuracy: 0.9391, F1: 0.9376
2025-05-17 08:36:53,695 - INFO - Fold 5, Epoch 62, Train Loss: 0.1692, Val Loss: 0.1727, Accuracy: 0.9420, F1: 0.9405
2025-05-17 08:36:53,758 - INFO - Fold 5, Epoch 63, Train Loss: 0.1697, Val Loss: 0.1715, Accuracy: 0.9420, F1: 0.9405
2025-05-17 08:36:53,760 - INFO - Fold 5, Epoch 63: Saved best model
2025-05-17 08:36:53,833 - INFO - Fold 5, Epoch 64, Train Loss: 0.1655, Val Loss: 0.1710, Accuracy: 0.9420, F1: 0.9405
2025-05-17 08:36:53,836 - INFO - Fold 5, Epoch 64: Saved best model
2025-05-17 08:36:53,899 - INFO - Fold 5, Epoch 65, Train Loss: 0.1669, Val Loss: 0.1714, Accuracy: 0.9420, F1: 0.9405
2025-05-17 08:36:54,113 - INFO - Fold 5, Epoch 66, Train Loss: 0.1718, Val Loss: 0.1667, Accuracy: 0.9420, F1: 0.9405
2025-05-17 08:36:54,117 - INFO - Fold 5, Epoch 66: Saved best model
2025-05-17 08:36:54,189 - INFO - Fold 5, Epoch 67, Train Loss: 0.1599, Val Loss: 0.1681, Accuracy: 0.9449, F1: 0.9435
2025-05-17 08:36:54,265 - INFO - Fold 5, Epoch 68, Train Loss: 0.1715, Val Loss: 0.1674, Accuracy: 0.9449, F1: 0.9435
2025-05-17 08:36:54,350 - INFO - Fold 5, Epoch 69, Train Loss: 0.1731, Val Loss: 0.1688, Accuracy: 0.9420, F1: 0.9405
2025-05-17 08:36:54,416 - INFO - Fold 5, Epoch 70, Train Loss: 0.1688, Val Loss: 0.1659, Accuracy: 0.9420, F1: 0.9406
2025-05-17 08:36:54,418 - INFO - Fold 5, Epoch 70: Saved best model
2025-05-17 08:36:54,494 - INFO - Fold 5, Epoch 71, Train Loss: 0.1540, Val Loss: 0.1691, Accuracy: 0.9420, F1: 0.9405
2025-05-17 08:36:54,571 - INFO - Fold 5, Epoch 72, Train Loss: 0.1584, Val Loss: 0.1707, Accuracy: 0.9420, F1: 0.9405
2025-05-17 08:36:54,635 - INFO - Fold 5, Epoch 73, Train Loss: 0.1673, Val Loss: 0.1643, Accuracy: 0.9420, F1: 0.9409
2025-05-17 08:36:54,637 - INFO - Fold 5, Epoch 73: Saved best model
2025-05-17 08:36:54,718 - INFO - Fold 5, Epoch 74, Train Loss: 0.1554, Val Loss: 0.1653, Accuracy: 0.9420, F1: 0.9405
2025-05-17 08:36:54,781 - INFO - Fold 5, Epoch 75, Train Loss: 0.1553, Val Loss: 0.1625, Accuracy: 0.9449, F1: 0.9435
2025-05-17 08:36:54,784 - INFO - Fold 5, Epoch 75: Saved best model
2025-05-17 08:36:54,854 - INFO - Fold 5, Epoch 76, Train Loss: 0.1542, Val Loss: 0.1626, Accuracy: 0.9420, F1: 0.9405
2025-05-17 08:36:54,914 - INFO - Fold 5, Epoch 77, Train Loss: 0.1593, Val Loss: 0.1601, Accuracy: 0.9420, F1: 0.9406
2025-05-17 08:36:54,917 - INFO - Fold 5, Epoch 77: Saved best model
2025-05-17 08:36:54,988 - INFO - Fold 5, Epoch 78, Train Loss: 0.1570, Val Loss: 0.1626, Accuracy: 0.9449, F1: 0.9435
2025-05-17 08:36:55,053 - INFO - Fold 5, Epoch 79, Train Loss: 0.1452, Val Loss: 0.1619, Accuracy: 0.9449, F1: 0.9435
2025-05-17 08:36:55,126 - INFO - Fold 5, Epoch 80, Train Loss: 0.1549, Val Loss: 0.1617, Accuracy: 0.9420, F1: 0.9406
2025-05-17 08:36:55,222 - INFO - Fold 5, Epoch 81, Train Loss: 0.1509, Val Loss: 0.1638, Accuracy: 0.9420, F1: 0.9405
2025-05-17 08:36:55,305 - INFO - Fold 5, Epoch 82, Train Loss: 0.1485, Val Loss: 0.1626, Accuracy: 0.9420, F1: 0.9405
2025-05-17 08:36:55,381 - INFO - Fold 5, Epoch 83, Train Loss: 0.1439, Val Loss: 0.1570, Accuracy: 0.9449, F1: 0.9435
2025-05-17 08:36:55,384 - INFO - Fold 5, Epoch 83: Saved best model
2025-05-17 08:36:55,465 - INFO - Fold 5, Epoch 84, Train Loss: 0.1400, Val Loss: 0.1540, Accuracy: 0.9449, F1: 0.9435
2025-05-17 08:36:55,468 - INFO - Fold 5, Epoch 84: Saved best model
2025-05-17 08:36:55,528 - INFO - Fold 5, Epoch 85, Train Loss: 0.1326, Val Loss: 0.1554, Accuracy: 0.9449, F1: 0.9435
2025-05-17 08:36:55,585 - INFO - Fold 5, Epoch 86, Train Loss: 0.1461, Val Loss: 0.1522, Accuracy: 0.9449, F1: 0.9435
2025-05-17 08:36:55,587 - INFO - Fold 5, Epoch 86: Saved best model
2025-05-17 08:36:55,644 - INFO - Fold 5, Epoch 87, Train Loss: 0.1459, Val Loss: 0.1544, Accuracy: 0.9449, F1: 0.9435
2025-05-17 08:36:55,700 - INFO - Fold 5, Epoch 88, Train Loss: 0.1521, Val Loss: 0.1507, Accuracy: 0.9449, F1: 0.9435
2025-05-17 08:36:55,702 - INFO - Fold 5, Epoch 88: Saved best model
2025-05-17 08:36:55,754 - INFO - Fold 5, Epoch 89, Train Loss: 0.1324, Val Loss: 0.1546, Accuracy: 0.9449, F1: 0.9435
2025-05-17 08:36:55,803 - INFO - Fold 5, Epoch 90, Train Loss: 0.1312, Val Loss: 0.1562, Accuracy: 0.9449, F1: 0.9435
2025-05-17 08:36:55,858 - INFO - Fold 5, Epoch 91, Train Loss: 0.1335, Val Loss: 0.1543, Accuracy: 0.9449, F1: 0.9435
2025-05-17 08:36:55,919 - INFO - Fold 5, Epoch 92, Train Loss: 0.1318, Val Loss: 0.1534, Accuracy: 0.9449, F1: 0.9435
2025-05-17 08:36:55,973 - INFO - Fold 5, Epoch 93, Train Loss: 0.1247, Val Loss: 0.1561, Accuracy: 0.9449, F1: 0.9435
2025-05-17 08:36:56,033 - INFO - Fold 5, Epoch 94, Train Loss: 0.1310, Val Loss: 0.1501, Accuracy: 0.9420, F1: 0.9406
2025-05-17 08:36:56,035 - INFO - Fold 5, Epoch 94: Saved best model
2025-05-17 08:36:56,085 - INFO - Fold 5, Epoch 95, Train Loss: 0.1291, Val Loss: 0.1526, Accuracy: 0.9449, F1: 0.9435
2025-05-17 08:36:56,138 - INFO - Fold 5, Epoch 96, Train Loss: 0.1259, Val Loss: 0.1537, Accuracy: 0.9449, F1: 0.9435
2025-05-17 08:36:56,198 - INFO - Fold 5, Epoch 97, Train Loss: 0.1248, Val Loss: 0.1489, Accuracy: 0.9420, F1: 0.9406
2025-05-17 08:36:56,200 - INFO - Fold 5, Epoch 97: Saved best model
2025-05-17 08:36:56,262 - INFO - Fold 5, Epoch 98, Train Loss: 0.1363, Val Loss: 0.1484, Accuracy: 0.9449, F1: 0.9435
2025-05-17 08:36:56,264 - INFO - Fold 5, Epoch 98: Saved best model
2025-05-17 08:36:56,341 - INFO - Fold 5, Epoch 99, Train Loss: 0.1243, Val Loss: 0.1502, Accuracy: 0.9449, F1: 0.9435
2025-05-17 08:36:56,438 - INFO - Fold 5, Epoch 100, Train Loss: 0.1265, Val Loss: 0.1503, Accuracy: 0.9420, F1: 0.9406
2025-05-17 08:36:56,439 - INFO - Cross-Validation Accuracy: 0.9473  0.0094
2025-05-17 08:36:56,439 - INFO - Cross-Validation F1-Score: 0.9466  0.0097
2025-05-17 08:41:47,692 - INFO - Saved label encoder to label_encoder.gz
2025-05-17 08:41:47,723 - INFO - SMOTE applied successfully
